Start testing: Dec 06 16:45 CET
----------------------------------------------------------
1/2 Testing: ParserTest
1/2 Test: ParserTest
Command: "/home/mainak/Documents/Course_CzechRepublic/SecureCodingAndPractises_PA193/project/Project-Part2/MimeParser-master/build/parserCore/test/ParserTest"
Directory: /home/mainak/Documents/Course_CzechRepublic/SecureCodingAndPractises_PA193/project/Project-Part2/MimeParser-master/build/parserCore/test
"ParserTest" start time: Dec 06 16:45 CET
Output:
----------------------------------------------------------
Running main() from gmock_main.cc
[==========] Running 4 tests from 1 test case.
[----------] Global test environment set-up.
[----------] 4 tests from good
[ RUN      ] good.GoodOne
###############################
/home/mainak/Documents/Course_CzechRepublic/SecureCodingAndPractises_PA193/project/Project-Part2/MimeParser-master/parserCore/test/good/m0001.txt
###############################
Content-Type: text/plain;
From: "Doug Sauder" <doug@example.com>
To: "Jürgen Schmürgen" <schmuergen@example.com>
Subject: Die Hasen und die Frösche (Microsoft Outlook 00)
Date: Wed, 17 May 2000 19:08:29 -0400
Message-ID: <NDBBIAKOPKHFGPLCODIGIEKBCHAA.doug@example.com>
MIME-Version: 1.0
	charset="iso-8859-1"
Content-Transfer-Encoding: 8bit
X-Priority: 3 (Normal)
X-MSMail-Priority: Normal
X-Mailer: Microsoft Outlook IMO, Build 9.0.2416 (9.0.2910.0)
Importance: Normal
X-MimeOLE: Produced By Microsoft MimeOLE V5.00.2314.1300

Die Hasen und die Frösche

Die Hasen klagten einst über ihre mißliche Lage; "wir leben", sprach ein
Redner, "in steter Furcht vor Menschen und Tieren, eine Beute der Hunde, der
Adler, ja fast aller Raubtiere! Unsere stete Angst ist ärger als der Tod
selbst. Auf, laßt uns ein für allemal sterben."

In einem nahen Teich wollten sie sich nun ersäufen; sie eilten ihm zu;
allein das außerordentliche Getöse und ihre wunderbare Gestalt erschreckte
eine Menge Frösche, die am Ufer saßen, so sehr, daß sie aufs schnellste
untertauchten.

"Halt", rief nun eben dieser Sprecher, "wir wollen das Ersäufen noch ein
wenig aufschieben, denn auch uns fürchten, wie ihr seht, einige Tiere,
welche also wohl noch unglücklicher sein müssen als wir."


###############################
/home/mainak/Documents/Course_CzechRepublic/SecureCodingAndPractises_PA193/project/Project-Part2/MimeParser-master/parserCore/test/good/m0002.txt
###############################
Content-Type: text/plain;
From: "Doug Sauder" <doug@example.com>
To: "Jürgen Schmürgen" <schmuergen@example.com>
Subject: Die Hasen und die Frösche (Microsoft Outlook 00)
Date: Wed, 17 May 2000 19:10:31 -0400
Message-ID: <NDBBIAKOPKHFGPLCODIGMEKBCHAA.doug@example.com>
MIME-Version: 1.0
	charset="iso-8859-1"
Content-Transfer-Encoding: quoted-printable
X-Priority: 3 (Normal)
X-MSMail-Priority: Normal
X-Mailer: Microsoft Outlook IMO, Build 9.0.2416 (9.0.2910.0)
Importance: Normal
X-MimeOLE: Produced By Microsoft MimeOLE V5.00.2314.1300

Die Hasen und die Fr=F6sche

Die Hasen klagten einst =FCber ihre mi=DFliche Lage; "wir leben", sprach =
ein Redner, "in steter Furcht vor Menschen und Tieren, eine Beute der =
Hunde, der Adler, ja fast aller Raubtiere! Unsere stete Angst ist =
=E4rger als der Tod selbst. Auf, la=DFt uns ein f=FCr allemal sterben."=20

In einem nahen Teich wollten sie sich nun ers=E4ufen; sie eilten ihm zu; =
allein das au=DFerordentliche Get=F6se und ihre wunderbare Gestalt =
erschreckte eine Menge Fr=F6sche, die am Ufer sa=DFen, so sehr, da=DF =
sie aufs schnellste untertauchten.=20

"Halt", rief nun eben dieser Sprecher, "wir wollen das Ers=E4ufen noch =
ein wenig aufschieben, denn auch uns f=FCrchten, wie ihr seht, einige =
Tiere, welche also wohl noch ungl=FCcklicher sein m=FCssen als wir."=20


###############################
/home/mainak/Documents/Course_CzechRepublic/SecureCodingAndPractises_PA193/project/Project-Part2/MimeParser-master/parserCore/test/good/m0003.txt
###############################
Content-Type: text/plain;
From: "Doug Sauder" <doug@example.com>
To: "Jürgen Schmürgen" <schmuergen@example.com>
Subject: Die Hasen und die Frösche (Microsoft Outlook 00)
Date: Wed, 17 May 2000 19:11:50 -0400
Message-ID: <NDBBIAKOPKHFGPLCODIGAEKCCHAA.doug@example.com>
MIME-Version: 1.0
	charset="iso-8859-1"
Content-Transfer-Encoding: base64
X-Priority: 3 (Normal)
X-MSMail-Priority: Normal
X-Mailer: Microsoft Outlook IMO, Build 9.0.2416 (9.0.2910.0)
Importance: Normal
X-MimeOLE: Produced By Microsoft MimeOLE V5.00.2314.1300

RGllIEhhc2VuIHVuZCBkaWUgRnL2c2NoZQ0KDQpEaWUgSGFzZW4ga2xhZ3RlbiBlaW5zdCD8YmVy
IGlocmUgbWnfbGljaGUgTGFnZTsgIndpciBsZWJlbiIsIHNwcmFjaCBlaW4gUmVkbmVyLCAiaW4g
c3RldGVyIEZ1cmNodCB2b3IgTWVuc2NoZW4gdW5kIFRpZXJlbiwgZWluZSBCZXV0ZSBkZXIgSHVu
ZGUsIGRlciBBZGxlciwgamEgZmFzdCBhbGxlciBSYXVidGllcmUhIFVuc2VyZSBzdGV0ZSBBbmdz
dCBpc3Qg5HJnZXIgYWxzIGRlciBUb2Qgc2VsYnN0LiBBdWYsIGxh33QgdW5zIGVpbiBm/HIgYWxs
ZW1hbCBzdGVyYmVuLiIgDQoNCkluIGVpbmVtIG5haGVuIFRlaWNoIHdvbGx0ZW4gc2llIHNpY2gg
bnVuIGVyc+R1ZmVuOyBzaWUgZWlsdGVuIGlobSB6dTsgYWxsZWluIGRhcyBhdd9lcm9yZGVudGxp
Y2hlIEdldPZzZSB1bmQgaWhyZSB3dW5kZXJiYXJlIEdlc3RhbHQgZXJzY2hyZWNrdGUgZWluZSBN
ZW5nZSBGcvZzY2hlLCBkaWUgYW0gVWZlciBzYd9lbiwgc28gc2VociwgZGHfIHNpZSBhdWZzIHNj
aG5lbGxzdGUgdW50ZXJ0YXVjaHRlbi4gDQoNCiJIYWx0IiwgcmllZiBudW4gZWJlbiBkaWVzZXIg
U3ByZWNoZXIsICJ3aXIgd29sbGVuIGRhcyBFcnPkdWZlbiBub2NoIGVpbiB3ZW5pZyBhdWZzY2hp
ZWJlbiwgZGVubiBhdWNoIHVucyBm/HJjaHRlbiwgd2llIGlociBzZWh0LCBlaW5pZ2UgVGllcmUs
IHdlbGNoZSBhbHNvIHdvaGwgbm9jaCB1bmds/GNrbGljaGVyIHNlaW4gbfxzc2VuIGFscyB3aXIu
IiANCg==


###############################
/home/mainak/Documents/Course_CzechRepublic/SecureCodingAndPractises_PA193/project/Project-Part2/MimeParser-master/parserCore/test/good/m0004.txt
###############################
Content-Type: text/plain;
From: "Doug Sauder" <doug@example.com>
To: =?iso-8859-1?B?SvxyZ2VuIFNjaG38cmdlbg==?= <schmuergen@example.com>
Subject: =?iso-8859-1?Q?Die_Hasen_und_die_Fr=F6sche_=28Microsoft_Outlook_00=29?=
Date: Wed, 17 May 2000 19:13:51 -0400
Message-ID: <NDBBIAKOPKHFGPLCODIGEEKCCHAA.doug@example.com>
MIME-Version: 1.0
	charset="iso-8859-1"
Content-Transfer-Encoding: 8bit
X-Priority: 3 (Normal)
X-MSMail-Priority: Normal
X-Mailer: Microsoft Outlook IMO, Build 9.0.2416 (9.0.2910.0)
Importance: Normal
X-MimeOLE: Produced By Microsoft MimeOLE V5.00.2314.1300

Die Hasen und die Frösche

Die Hasen klagten einst über ihre mißliche Lage; "wir leben", sprach ein
Redner, "in steter Furcht vor Menschen und Tieren, eine Beute der Hunde, der
Adler, ja fast aller Raubtiere! Unsere stete Angst ist ärger als der Tod
selbst. Auf, laßt uns ein für allemal sterben."

In einem nahen Teich wollten sie sich nun ersäufen; sie eilten ihm zu;
allein das außerordentliche Getöse und ihre wunderbare Gestalt erschreckte
eine Menge Frösche, die am Ufer saßen, so sehr, daß sie aufs schnellste
untertauchten.

"Halt", rief nun eben dieser Sprecher, "wir wollen das Ersäufen noch ein
wenig aufschieben, denn auch uns fürchten, wie ihr seht, einige Tiere,
welche also wohl noch unglücklicher sein müssen als wir."


###############################
/home/mainak/Documents/Course_CzechRepublic/SecureCodingAndPractises_PA193/project/Project-Part2/MimeParser-master/parserCore/test/good/m0005.txt
###############################
Content-Type: text/plain;
From: "Doug Sauder" <doug@example.com>
To: =?iso-8859-1?B?SvxyZ2VuIFNjaG38cmdlbg==?= <schmuergen@example.com>
Subject: =?iso-8859-1?Q?Die_Hasen_und_die_Fr=F6sche_=28Microsoft_Outlook_00=29?=
Date: Wed, 17 May 2000 19:15:35 -0400
Message-ID: <NDBBIAKOPKHFGPLCODIGIEKCCHAA.doug@example.com>
MIME-Version: 1.0
	charset="iso-8859-1"
Content-Transfer-Encoding: quoted-printable
X-Priority: 3 (Normal)
X-MSMail-Priority: Normal
X-Mailer: Microsoft Outlook IMO, Build 9.0.2416 (9.0.2910.0)
Importance: Normal
X-MimeOLE: Produced By Microsoft MimeOLE V5.00.2314.1300

Die Hasen und die Fr=F6sche

Die Hasen klagten einst =FCber ihre mi=DFliche Lage; "wir leben", sprach =
ein Redner, "in steter Furcht vor Menschen und Tieren, eine Beute der =
Hunde, der Adler, ja fast aller Raubtiere! Unsere stete Angst ist =
=E4rger als der Tod selbst. Auf, la=DFt uns ein f=FCr allemal sterben."=20

In einem nahen Teich wollten sie sich nun ers=E4ufen; sie eilten ihm zu; =
allein das au=DFerordentliche Get=F6se und ihre wunderbare Gestalt =
erschreckte eine Menge Fr=F6sche, die am Ufer sa=DFen, so sehr, da=DF =
sie aufs schnellste untertauchten.=20

"Halt", rief nun eben dieser Sprecher, "wir wollen das Ers=E4ufen noch =
ein wenig aufschieben, denn auch uns f=FCrchten, wie ihr seht, einige =
Tiere, welche also wohl noch ungl=FCcklicher sein m=FCssen als wir."=20


###############################
/home/mainak/Documents/Course_CzechRepublic/SecureCodingAndPractises_PA193/project/Project-Part2/MimeParser-master/parserCore/test/good/m0006.txt
###############################
Content-Type: text/plain;
From: "Doug Sauder" <doug@example.com>
To: "Joe Blow" <jblow@example.com>,
	=?utf-7?B?SitBUHctcmdlbiBTY2htK0FQdy1yZ2Vu?= <schmuergen@example.com>
Subject: =?utf-7?Q?Die_Hasen_und_die_Fr+APY-sche_=28Microsoft_Outlook_00=29?=
Date: Wed, 17 May 2000 19:18:39 -0400
Message-ID: <NDBBIAKOPKHFGPLCODIGMEKCCHAA.doug@example.com>
MIME-Version: 1.0
	charset="utf-7"
Content-Transfer-Encoding: quoted-printable
X-Priority: 3 (Normal)
X-MSMail-Priority: Normal
X-Mailer: Microsoft Outlook IMO, Build 9.0.2416 (9.0.2910.0)
Importance: Normal
X-MimeOLE: Produced By Microsoft MimeOLE V5.00.2314.1300

Die Hasen und die Fr+APY-sche

Die Hasen klagten einst +APw-ber ihre mi+AN8-liche Lage+ADs- +ACI-wir =
leben+ACI-, sprach ein Redner, +ACI-in steter Furcht vor Menschen und =
Tieren, eine Beute der Hunde, der Adler, ja fast aller Raubtiere+ACE- =
Unsere stete Angst ist +AOQ-rger als der Tod selbst. Auf, la+AN8-t uns =
ein f+APw-r allemal sterben.+ACI-=20

In einem nahen Teich wollten sie sich nun ers+AOQ-ufen+ADs- sie eilten =
ihm zu+ADs- allein das au+AN8-erordentliche Get+APY-se und ihre =
wunderbare Gestalt erschreckte eine Menge Fr+APY-sche, die am Ufer =
sa+AN8-en, so sehr, da+AN8- sie aufs schnellste untertauchten.=20

+ACI-Halt+ACI-, rief nun eben dieser Sprecher, +ACI-wir wollen das =
Ers+AOQ-ufen noch ein wenig aufschieben, denn auch uns f+APw-rchten, wie =
ihr seht, einige Tiere, welche also wohl noch ungl+APw-cklicher sein =
m+APw-ssen als wir.+ACI-=20


###############################
/home/mainak/Documents/Course_CzechRepublic/SecureCodingAndPractises_PA193/project/Project-Part2/MimeParser-master/parserCore/test/good/m0007.txt
###############################
Content-Type: text/plain;
From: "Doug Sauder" <doug@example.com>
To: =?utf-7?Q?Heinz_M+APw-ller?= <mueller@example.com>
Subject: =?utf-7?Q?Die_Hasen_und_die_Fr+APY-sche_=28Microsoft_Outlook_00=29?=
Date: Wed, 17 May 2000 19:20:24 -0400
Message-ID: <NDBBIAKOPKHFGPLCODIGCEKDCHAA.doug@example.com>
MIME-Version: 1.0
	charset="utf-7"
Content-Transfer-Encoding: quoted-printable
X-Priority: 3 (Normal)
X-MSMail-Priority: Normal
X-Mailer: Microsoft Outlook IMO, Build 9.0.2416 (9.0.2910.0)
Importance: Normal
X-MimeOLE: Produced By Microsoft MimeOLE V5.00.2314.1300

Die Hasen und die Fr+APY-sche

Die Hasen klagten einst +APw-ber ihre mi+AN8-liche Lage+ADs- +ACI-wir =
leben+ACI-, sprach ein Redner, +ACI-in steter Furcht vor Menschen und =
Tieren, eine Beute der Hunde, der Adler, ja fast aller Raubtiere+ACE- =
Unsere stete Angst ist +AOQ-rger als der Tod selbst. Auf, la+AN8-t uns =
ein f+APw-r allemal sterben.+ACI-=20

In einem nahen Teich wollten sie sich nun ers+AOQ-ufen+ADs- sie eilten =
ihm zu+ADs- allein das au+AN8-erordentliche Get+APY-se und ihre =
wunderbare Gestalt erschreckte eine Menge Fr+APY-sche, die am Ufer =
sa+AN8-en, so sehr, da+AN8- sie aufs schnellste untertauchten.=20

+ACI-Halt+ACI-, rief nun eben dieser Sprecher, +ACI-wir wollen das =
Ers+AOQ-ufen noch ein wenig aufschieben, denn auch uns f+APw-rchten, wie =
ihr seht, einige Tiere, welche also wohl noch ungl+APw-cklicher sein =
m+APw-ssen als wir.+ACI-=20

###############################
/home/mainak/Documents/Course_CzechRepublic/SecureCodingAndPractises_PA193/project/Project-Part2/MimeParser-master/parserCore/test/good/m0008.txt
###############################
Content-Type: text/plain;
From: "Doug Sauder" <doug@example.com>
To: =?utf-8?Q?Heinz_M=C3=BCller?= <mueller@example.com>
Subject: =?utf-8?Q?Die_Hasen_und_die_Fr=C3=B6sche_=28Microsoft_Outlook_00=29?=
Date: Wed, 17 May 2000 19:27:04 -0400
Message-ID: <NDBBIAKOPKHFGPLCODIGKEKDCHAA.doug@example.com>
MIME-Version: 1.0
	charset="utf-8"
Content-Transfer-Encoding: quoted-printable
X-Priority: 3 (Normal)
X-MSMail-Priority: Normal
X-Mailer: Microsoft Outlook IMO, Build 9.0.2416 (9.0.2910.0)
Importance: Normal
X-MimeOLE: Produced By Microsoft MimeOLE V5.00.2314.1300

Die Hasen und die Fr=C3=B6sche

Die Hasen klagten einst =C3=BCber ihre mi=C3=9Fliche Lage; "wir leben", =
sprach ein Redner, "in steter Furcht vor Menschen und Tieren, eine Beute =
der Hunde, der Adler, ja fast aller Raubtiere! Unsere stete Angst ist =
=C3=A4rger als der Tod selbst. Auf, la=C3=9Ft uns ein f=C3=BCr allemal =
sterben."=20

In einem nahen Teich wollten sie sich nun ers=C3=A4ufen; sie eilten ihm =
zu; allein das au=C3=9Ferordentliche Get=C3=B6se und ihre wunderbare =
Gestalt erschreckte eine Menge Fr=C3=B6sche, die am Ufer sa=C3=9Fen, so =
sehr, da=C3=9F sie aufs schnellste untertauchten.=20

"Halt", rief nun eben dieser Sprecher, "wir wollen das Ers=C3=A4ufen =
noch ein wenig aufschieben, denn auch uns f=C3=BCrchten, wie ihr seht, =
einige Tiere, welche also wohl noch ungl=C3=BCcklicher sein m=C3=BCssen =
als wir."=20

###############################
/home/mainak/Documents/Course_CzechRepublic/SecureCodingAndPractises_PA193/project/Project-Part2/MimeParser-master/parserCore/test/good/m0009.txt
###############################
Content-Type: 
From: "Doug Sauder" <doug@example.com>
To: "Heinz Müller" <mueller@example.com>
Subject: Die Hasen und die Frösche (Microsoft Outlook 00)
Date: Wed, 17 May 2000 19:28:40 -0400
Message-ID: <NDBBIAKOPKHFGPLCODIGOEKDCHAA.doug@example.com>
X-Priority: 3 (Normal)
X-MSMail-Priority: Normal
X-Mailer: Microsoft Outlook IMO, Build 9.0.2416 (9.0.2910.0)
Importance: Normal
X-MimeOLE: Produced By Microsoft MimeOLE V5.00.2314.1300

Die Hasen und die Frösche

Die Hasen klagten einst über ihre mißliche Lage; "wir leben", sprach ein
Redner, "in steter Furcht vor Menschen und Tieren, eine Beute der Hunde, der
Adler, ja fast aller Raubtiere! Unsere stete Angst ist ärger als der Tod
selbst. Auf, laßt uns ein für allemal sterben."

In einem nahen Teich wollten sie sich nun ersäufen; sie eilten ihm zu;
allein das außerordentliche Getöse und ihre wunderbare Gestalt erschreckte
eine Menge Frösche, die am Ufer saßen, so sehr, daß sie aufs schnellste
untertauchten.

"Halt", rief nun eben dieser Sprecher, "wir wollen das Ersäufen noch ein
wenig aufschieben, denn auch uns fürchten, wie ihr seht, einige Tiere,
welche also wohl noch unglücklicher sein müssen als wir."


###############################
/home/mainak/Documents/Course_CzechRepublic/SecureCodingAndPractises_PA193/project/Project-Part2/MimeParser-master/parserCore/test/good/m0010.txt
###############################
Content-Type: text/plain;
From: "Doug Sauder" <doug@example.com>
To: =?Windows-1252?Q?Heinz_M=FCller?= <mueller@example.com>
Subject: =?Windows-1252?Q?Die_Hasen_und_die_Fr=F6sche_=28Microsoft_Outlook_00=29?=
Date: Wed, 17 May 2000 19:30:20 -0400
Message-ID: <NDBBIAKOPKHFGPLCODIGCEKECHAA.doug@example.com>
MIME-Version: 1.0
	charset="Windows-1252"
Content-Transfer-Encoding: quoted-printable
X-Priority: 3 (Normal)
X-MSMail-Priority: Normal
X-Mailer: Microsoft Outlook IMO, Build 9.0.2416 (9.0.2910.0)
Importance: Normal
X-MimeOLE: Produced By Microsoft MimeOLE V5.00.2314.1300

Die Hasen und die Fr=F6sche

Die Hasen klagten einst =FCber ihre mi=DFliche Lage; "wir leben", sprach =
ein Redner, "in steter Furcht vor Menschen und Tieren, eine Beute der =
Hunde, der Adler, ja fast aller Raubtiere! Unsere stete Angst ist =
=E4rger als der Tod selbst. Auf, la=DFt uns ein f=FCr allemal sterben."=20

In einem nahen Teich wollten sie sich nun ers=E4ufen; sie eilten ihm zu; =
allein das au=DFerordentliche Get=F6se und ihre wunderbare Gestalt =
erschreckte eine Menge Fr=F6sche, die am Ufer sa=DFen, so sehr, da=DF =
sie aufs schnellste untertauchten.=20

"Halt", rief nun eben dieser Sprecher, "wir wollen das Ers=E4ufen noch =
ein wenig aufschieben, denn auch uns f=FCrchten, wie ihr seht, einige =
Tiere, welche also wohl noch ungl=FCcklicher sein m=FCssen als wir."=20

###############################
/home/mainak/Documents/Course_CzechRepublic/SecureCodingAndPractises_PA193/project/Project-Part2/MimeParser-master/parserCore/test/good/m0011.txt
###############################
	boundary="----=_NextPart_000_0002_01BFC036.AE309650"
Content-Type: multipart/mixed;
From: "Doug Sauder" <doug@example.com>
To: =?iso-8859-1?Q?Heinz_M=FCller?= <mueller@example.com>
Subject: Test message from Microsoft Outlook 00
Date: Wed, 17 May 2000 19:32:47 -0400
Message-ID: <NDBBIAKOPKHFGPLCODIGGEKECHAA.doug@example.com>
MIME-Version: 1.0
X-Priority: 3 (Normal)
X-MSMail-Priority: Normal
X-Mailer: Microsoft Outlook IMO, Build 9.0.2416 (9.0.2910.0)
Importance: Normal
X-MimeOLE: Produced By Microsoft MimeOLE V5.00.2314.1300

This is a multi-part message in MIME format.


--Content-Type: text/plain;
--	charset="iso-8859-1"
--Content-Transfer-Encoding: quoted-printable
--
--
--The Hare and the Tortoise=20
--=20
--A HARE one day ridiculed the short feet and slow pace of the Tortoise, =
--who replied, laughing:  "Though you be swift as the wind, I will beat =
--you in a race."  The Hare, believing her assertion to be simply =
--impossible, assented to the proposal; and they agreed that the Fox =
--should choose the course and fix the goal.  On the day appointed for the =
--race the two started together.  The Tortoise never for a moment stopped, =
--but went on with a slow but steady pace straight to the end of the =
--course.  The Hare, lying down by the wayside, fell fast asleep.  At last =
--waking up, and moving as fast as he could, he saw the Tortoise had =
--reached the goal, and was comfortably dozing after her fatigue. =20
--=20
--Slow but steady wins the race. =20
--
--
--Content-Type: image/png;
--	name="blueball.png"
--Content-Transfer-Encoding: base64
--Content-Disposition: attachment;
--	filename="blueball.png"
--
--iVBORw0KGgoAAAANSUhEUgAAABsAAAAbCAMAAAC6CgRnAAADAFBMVEX///8AAAgAABAAABgAAAAA
--CCkAEEIAEEoACDEAEFIIIXMIKXsIKYQIIWsAGFoACDkIIWMQOZwYQqUYQq0YQrUQOaUQMZQAGFIQ
--MYwpUrU5Y8Y5Y84pWs4YSs4YQs4YQr1Ca8Z7nNacvd6Mtd5jlOcxa94hUt4YStYYQsYQMaUAACHO
--5+/n7++cxu9ShO8pWucQOa1Ke86tzt6lzu9ajO8QMZxahNat1ufO7++Mve9Ke+8YOaUYSsaMvee1
--5++Uve8AAClajOdzpe9rnO8IKYwxY+8pWu8IIXsAAAAAAAAAAAAAAAAAAAAAAAAAAAAAAAAAAAAA
--AAAAAAAAAAAAAAAAAAAAAAAAAAAAAAAAAAAAAAAAAAAAAAAAAAAAAAAAAAAAAAAAAAAAAAAAAAAA
--AAAAAAAAAAAAAAAAAAAAAAAAAAAAAAAAAAAAAAAAAAAAAAAAAAAAAAAAAAAAAAAAAAAAAAAAAAAA
--AAAAAAAAAAAAAAAAAAAAAAAAAAAAAAAAAAAAAAAAAAAAAAAAAAAAAAAAAAAAAAAAAAAAAAAAAAAA
--AAAAAAAAAAAAAAAAAAAAAAAAAAAAAAAAAAAAAAAAAAAAAAAAAAAAAAAAAAAAAAAAAAAAAAAAAAAA
--AAAAAAAAAAAAAAAAAAAAAAAAAAAAAAAAAAAAAAAAAAAAAAAAAAAAAAAAAAAAAAAAAAAAAAAAAAAA
--AAAAAAAAAAAAAAAAAAAAAAAAAAAAAAAAAAAAAAAAAAAAAAAAAAAAAAAAAAAAAAAAAAAAAAAAAAAA
--AAAAAAAAAAAAAAAAAAAAAAAAAAAAAAAAAAAAAAAAAAAAAAAAAAAAAAAAAAAAAAAAAAAAAAAAAAAA
--AAAAAAAAAAAAAAAAAAAAAAAAAAAAAAAAAAAAAAAAAAAAAAAAAAAAAAAAAAAAAAAAAAAAAAAAAAAA
--AAAAAAAAAAAAAAAAAAAAAAAAAAAAAAAAAAAAAAAAAAAAAAAAAAAAAAAAAAAAAAAAAAAAAAAAAAAA
--AAAAAAAAAAAAAADBMg1VAAAAAXRSTlMAQObYZgAAABZ0RVh0U29mdHdhcmUAZ2lmMnBuZyAyLjAu
--MT1evmgAAAGISURBVHicddJtV5swGAbgEk6AJhBSk4bMCUynBSLaqovbrG/bfPn/vyh70lbssceb
--L5xznTsh5BmNhgQoRChwo50EOIohUYLDj4zHhKYQkrEoQdvock4ne0IKMVUpKZLQDeqSTIsv+18P
--yqqWUw2IBsRM7307PPp+fDJrWtnpLDJvewYxnewfnvanZ+fzpmwXijC8KbqEa3Fx2ff91Y95U9XC
--UpaDeQwiMpHXP/v+1++bWVPWQoGFawtjury9vru/f/C1Vi7ezT0WWpQHf/7+u/G71aLThK/MjRxm
--T6KdzZ9fGk9yatMsTgZLl3XVgFRAC6spj/13enssqJVtWVa3NdBSacL8+VZmYqKmdd1CSYoOiMOS
--GwtzlqqlFFIuOqv0a1ZEZrUkWICLLFW266y1KvWE1zV/iDAH1EopnVLCiygZCIomH3NCKX0lnI+B
--1iuuzCGTxwXjnDO4d7NpbX42YJJHkBwmAm2TxwAZg40J3+Xtbv1rgOAZwG0NxW62p+lT+Yi747sD
--/wEUVMzYmWkOvwAAACV0RVh0Q29tbWVudABjbGlwMmdpZiB2LjAuNiBieSBZdmVzIFBpZ3VldDZz
--O7wAAAAASUVORK5CYII=
--
--
--Content-Type: image/png;
--	name="greenball.png"
--Content-Transfer-Encoding: base64
--Content-Disposition: attachment;
--	filename="greenball.png"
--
--iVBORw0KGgoAAAANSUhEUgAAABsAAAAbCAMAAAC6CgRnAAADAFBMVEX///8AAAAAEAAAGAAAIQAA
--CAAAMQAAQgAAUgAAWgAASgAIYwAIcwAIewAQjAAIawAAOQAAYwAQlAAQnAAhpQAQpQAhrQBCvRhj
--xjFjxjlSxiEpzgAYvQAQrQAYrQAhvQCU1mOt1nuE1lJK3hgh1gAYxgAYtQAAKQBCzhDO55Te563G
--55SU52NS5yEh3gAYzgBS3iGc52vW75y974yE71JC7xCt73ul3nNa7ykh5wAY1gAx5wBS7yFr7zlK
--7xgp5wAp7wAx7wAIhAAQtQAAAAAAAAAAAAAAAAAAAAAAAAAAAAAAAAAAAAAAAAAAAAAAAAAAAAAA
--AAAAAAAAAAAAAAAAAAAAAAAAAAAAAAAAAAAAAAAAAAAAAAAAAAAAAAAAAAAAAAAAAAAAAAAAAAAA
--AAAAAAAAAAAAAAAAAAAAAAAAAAAAAAAAAAAAAAAAAAAAAAAAAAAAAAAAAAAAAAAAAAAAAAAAAAAA
--AAAAAAAAAAAAAAAAAAAAAAAAAAAAAAAAAAAAAAAAAAAAAAAAAAAAAAAAAAAAAAAAAAAAAAAAAAAA
--AAAAAAAAAAAAAAAAAAAAAAAAAAAAAAAAAAAAAAAAAAAAAAAAAAAAAAAAAAAAAAAAAAAAAAAAAAAA
--AAAAAAAAAAAAAAAAAAAAAAAAAAAAAAAAAAAAAAAAAAAAAAAAAAAAAAAAAAAAAAAAAAAAAAAAAAAA
--AAAAAAAAAAAAAAAAAAAAAAAAAAAAAAAAAAAAAAAAAAAAAAAAAAAAAAAAAAAAAAAAAAAAAAAAAAAA
--AAAAAAAAAAAAAAAAAAAAAAAAAAAAAAAAAAAAAAAAAAAAAAAAAAAAAAAAAAAAAAAAAAAAAAAAAAAA
--AAAAAAAAAAAAAAAAAAAAAAAAAAAAAAAAAAAAAAAAAAAAAAAAAAAAAAAAAAAAAAAAAAAAAAAAAAAA
--AAAAAAAAAAAAAAAAAAAAAAAAAAAAAAAAAAAAAAAAAAAAAAAAAAAAAAAAAAAAAAAAAAAAAAAAAAAA
--AAAAAAAAAAAAAAAp1fnZAAAAAXRSTlMAQObYZgAAABZ0RVh0U29mdHdhcmUAZ2lmMnBuZyAyLjAu
--MT1evmgAAAFtSURBVHicddJtV8IgFAdwD2zIgMEE1+NcqdsoK+m5tCyz7/+ZiLmHsyzvq53zO/cy
--+N9ery1bVe9PWQA9z4MQ+H8Yoj7GASZ95IHfaBGmLOSchyIgyOu22mgQSjUcDuNYcoGjLiLK1cHh
--0fHJaTKKOcMItgYxT89OzsfjyTTLC8UF0c2ZNmKquJhczq6ub+YmSVUYRF59GeDastu7+9nD41Nm
--kiJ2jc2J3kAWZ9Pr55fH18XSmRuKUTXUaqHy7O19tfr4NFle/w3YDrWRUIlZrL/W86XJkyJVG9Ea
--EjIx2XyZmZJGioeUaL+2AY8TY8omR6nkLKhu70zjUKVJXsp3quS2DVSJWNh3zzJKCyexI0ZxBP3a
--fE0ElyqOlZJyw8r3BE2SFiJCyxA434SCkg65RhdeQBljQtCg39LWrA90RDDG1EWrYUO23hMANUKR
--Rl61E529cR++D2G5LK002dr/qrcfu9u0V3bxn/XdhR/NYeeN0ggsLAAAACV0RVh0Q29tbWVudABj
--bGlwMmdpZiB2LjAuNiBieSBZdmVzIFBpZ3VldDZzO7wAAAAASUVORK5CYII=
--
--
--Content-Type: image/png;
--	name="redball.png"
--Content-Transfer-Encoding: base64
--Content-Disposition: attachment;
--	filename="redball.png"
--
--iVBORw0KGgoAAAANSUhEUgAAABsAAAAbCAMAAAC6CgRnAAADAFBMVEX///8AAAABAAALAAAVAAAa
--AAAXAAARAAAKAAADAAAcAAAyAABEAABNAABIAAA9AAAjAAAWAAAmAABhAAB7AACGAACHAAB9AAB0
--AABgAAA5AAAUAAAGAAAnAABLAABvAACQAAClAAC7AAC/AACrAAChAACMAABzAABbAAAuAAAIAABM
--AAB3AACZAAC0GRnKODjVPT3bKSndBQW4AACoAAB5AAAxAAAYAAAEAABFAACaAAC7JCTRYWHfhITm
--f3/mVlbqHx/SAAC5AACjAABdAABCAAAoAAAJAABnAAC6Dw/QVFTek5PlrKzpmZntZWXvJSXXAADB
--AACxAACcAABtAABTAAA2AAAbAAAFAABKAACBAADLICDdZ2fonJzrpqbtiorvUVHvFBTRAADDAAC2
--AAB4AABeAABAAAAiAABXAACSAADCAADaGxvoVVXseHjveHjvV1fvJibhAADOAAC3AACnAACVAABH
--AAArAAAPAACdAADFAADhBQXrKCjvPDzvNTXvGxvjAADQAADJAAC1AACXAACEAABsAABPAAASAAAC
--AABiAADpAADvAgLnAADYAADLAAC6AACwAABwAAATAAAkAABYAADIAADTAADNAACzAACDAABuAAAe
--AAB+AADAAACkAACNAAB/AABpAABQAAAwAACRAACpAAC8AACqAACbAABlAABJAAAqAAAOAAA0AACs
--AACvAACtAACmAACJAAB6AABrAABaAAA+AAApAABqAACCAACfAACeAACWAACPAAB8AAAZAAAHAABV
--AACOAACKAAA4AAAQAAA/AAByAACAAABcAAA3AAAsAABmAABDAABWAAAgAAAzAAA8AAA6AAAfAAAM
--AAAdAAANAAAAAAAAAAAAAAAAAAAAAAAAAAAAAAAAAAAAAAAAAAAAAAAAAAAAAAAAAAAAAAAAAAAA
--AAAAAAAAAAAAAAAAAAAAAAAAAAAAAAAAAAAAAAAAAAAAAAAAAAAAAAAAAAAAAAAAAAAAAAAAAAAA
--AAAAAAAAAAAAAAD8LtlFAAAAAXRSTlMAQObYZgAAABZ0RVh0U29mdHdhcmUAZ2lmMnBuZyAyLjAu
--MT1evmgAAAIISURBVHicY2CAg/8QwIABmJhZWFnZ2Dk4MaU5uLh5eHn5+LkFBDlQJf8zC/EIi4iK
--iUtI8koJScsgyf5nlpWTV1BUUlZRVVPX4NFk1UJIyghp6+jq6RsYGhmbKJgK85mZW8Dk/rNaSlhZ
--29ja2Ts4Ojkr6Li4urFDNf53N/Ow8vTy9vH18w8IDAoWDQkNC4+ASP5ni4wKio6JjYtPSExKTnFW
--SE1LF4A69n9GZlZ2Tm5efkFhUXFySWlZlEd5RSVY7j+TkGRVdU1tXX1DY1Ozcktpa1t7h2YnOAj+
--d7l1tyo79vT29SdNSJ44SbFVdHIo9xSIHNPUaWqTpifNSJrZnK00S0U1a/acUG5piNz/uXLzVJ2q
--m6dXz584S2WB1cJFi5cshZr539xVftnyFKUVTi2TVjqvyhJLXb1m7TqoHPt6F/HW0g0bN63crGqV
--tWXrtu07BJihcsw71+zanRW8Z89eq337RQ/Ip60xO3gIElX/LbikDm8T36KwbNmRo7O3zpHkPSZw
--HBqL//8flz1x2OOkyKJTi7aqbzutfUZI2gIuF8F2lr/D5dw2+fZdwpl8YVOlI+CJ4/9/joOyYed5
--QzMvhGqnm2V0WiClm///D0lfXHtJ6vLlK9w7rx7vQk5SQJbFtSms1y9evXid7QZacgOxmSxktNzd
--tSwwU+J/VICaCPFIYU3XAJhIOtjf5sfyAAAAJXRFWHRDb21tZW50AGNsaXAyZ2lmIHYuMC42IGJ5
--IFl2ZXMgUGlndWV0NnM7vAAAAABJRU5ErkJggg==
--
--
###############################
/home/mainak/Documents/Course_CzechRepublic/SecureCodingAndPractises_PA193/project/Project-Part2/MimeParser-master/parserCore/test/good/m0012.txt
###############################
Content-Type: image/png;
From: "Doug Sauder" <doug@example.com>
To: "Joe Blow" <jblow@example.com>
Subject: Test message from Microsoft Outlook 00
Date: Wed, 17 May 2000 19:35:05 -0400
Message-ID: <NDBBIAKOPKHFGPLCODIGKEKECHAA.doug@example.com>
MIME-Version: 1.0
	name="redball.png"
Content-Transfer-Encoding: base64
Content-Disposition: attachment;
	filename="redball.png"
X-Priority: 3 (Normal)
X-MSMail-Priority: Normal
X-Mailer: Microsoft Outlook IMO, Build 9.0.2416 (9.0.2910.0)
Importance: Normal
X-MimeOLE: Produced By Microsoft MimeOLE V5.00.2314.1300

iVBORw0KGgoAAAANSUhEUgAAABsAAAAbCAMAAAC6CgRnAAADAFBMVEX///8AAAABAAALAAAVAAAa
AAAXAAARAAAKAAADAAAcAAAyAABEAABNAABIAAA9AAAjAAAWAAAmAABhAAB7AACGAACHAAB9AAB0
AABgAAA5AAAUAAAGAAAnAABLAABvAACQAAClAAC7AAC/AACrAAChAACMAABzAABbAAAuAAAIAABM
AAB3AACZAAC0GRnKODjVPT3bKSndBQW4AACoAAB5AAAxAAAYAAAEAABFAACaAAC7JCTRYWHfhITm
f3/mVlbqHx/SAAC5AACjAABdAABCAAAoAAAJAABnAAC6Dw/QVFTek5PlrKzpmZntZWXvJSXXAADB
AACxAACcAABtAABTAAA2AAAbAAAFAABKAACBAADLICDdZ2fonJzrpqbtiorvUVHvFBTRAADDAAC2
AAB4AABeAABAAAAiAABXAACSAADCAADaGxvoVVXseHjveHjvV1fvJibhAADOAAC3AACnAACVAABH
AAArAAAPAACdAADFAADhBQXrKCjvPDzvNTXvGxvjAADQAADJAAC1AACXAACEAABsAABPAAASAAAC
AABiAADpAADvAgLnAADYAADLAAC6AACwAABwAAATAAAkAABYAADIAADTAADNAACzAACDAABuAAAe
AAB+AADAAACkAACNAAB/AABpAABQAAAwAACRAACpAAC8AACqAACbAABlAABJAAAqAAAOAAA0AACs
AACvAACtAACmAACJAAB6AABrAABaAAA+AAApAABqAACCAACfAACeAACWAACPAAB8AAAZAAAHAABV
AACOAACKAAA4AAAQAAA/AAByAACAAABcAAA3AAAsAABmAABDAABWAAAgAAAzAAA8AAA6AAAfAAAM
AAAdAAANAAAAAAAAAAAAAAAAAAAAAAAAAAAAAAAAAAAAAAAAAAAAAAAAAAAAAAAAAAAAAAAAAAAA
AAAAAAAAAAAAAAAAAAAAAAAAAAAAAAAAAAAAAAAAAAAAAAAAAAAAAAAAAAAAAAAAAAAAAAAAAAAA
AAAAAAAAAAAAAAD8LtlFAAAAAXRSTlMAQObYZgAAABZ0RVh0U29mdHdhcmUAZ2lmMnBuZyAyLjAu
MT1evmgAAAIISURBVHicY2CAg/8QwIABmJhZWFnZ2Dk4MaU5uLh5eHn5+LkFBDlQJf8zC/EIi4iK
iUtI8koJScsgyf5nlpWTV1BUUlZRVVPX4NFk1UJIyghp6+jq6RsYGhmbKJgK85mZW8Dk/rNaSlhZ
29ja2Ts4Ojkr6Li4urFDNf53N/Ow8vTy9vH18w8IDAoWDQkNC4+ASP5ni4wKio6JjYtPSExKTnFW
SE1LF4A69n9GZlZ2Tm5efkFhUXFySWlZlEd5RSVY7j+TkGRVdU1tXX1DY1Ozcktpa1t7h2YnOAj+
d7l1tyo79vT29SdNSJ44SbFVdHIo9xSIHNPUaWqTpifNSJrZnK00S0U1a/acUG5piNz/uXLzVJ2q
m6dXz584S2WB1cJFi5cshZr539xVftnyFKUVTi2TVjqvyhJLXb1m7TqoHPt6F/HW0g0bN63crGqV
tWXrtu07BJihcsw71+zanRW8Z89eq337RQ/Ip60xO3gIElX/LbikDm8T36KwbNmRo7O3zpHkPSZw
HBqL//8flz1x2OOkyKJTi7aqbzutfUZI2gIuF8F2lr/D5dw2+fZdwpl8YVOlI+CJ4/9/joOyYed5
QzMvhGqnm2V0WiClm///D0lfXHtJ6vLlK9w7rx7vQk5SQJbFtSms1y9evXid7QZacgOxmSxktNzd
tSwwU+J/VICaCPFIYU3XAJhIOtjf5sfyAAAAJXRFWHRDb21tZW50AGNsaXAyZ2lmIHYuMC42IGJ5
IFl2ZXMgUGlndWV0NnM7vAAAAABJRU5ErkJggg==

###############################
/home/mainak/Documents/Course_CzechRepublic/SecureCodingAndPractises_PA193/project/Project-Part2/MimeParser-master/parserCore/test/good/m0013.txt
###############################
	boundary="----=_NextPart_000_0004_01BFC037.28F2FA90"
Content-Type: multipart/mixed;
From: "Doug Sauder" <doug@example.com>
To: "Joe Blow" <jblow@example.com>
Subject: Test message from Microsoft Outlook 00
Date: Wed, 17 May 2000 19:36:13 -0400
Message-ID: <NDBBIAKOPKHFGPLCODIGOEKECHAA.doug@example.com>
MIME-Version: 1.0
X-Priority: 3 (Normal)
X-MSMail-Priority: Normal
X-Mailer: Microsoft Outlook IMO, Build 9.0.2416 (9.0.2910.0)
Importance: Normal
X-MimeOLE: Produced By Microsoft MimeOLE V5.00.2314.1300

This is a multi-part message in MIME format.


--Content-Type: image/png;
--	name="blueball.png"
--Content-Transfer-Encoding: base64
--Content-Disposition: attachment;
--	filename="blueball.png"
--
--iVBORw0KGgoAAAANSUhEUgAAABsAAAAbCAMAAAC6CgRnAAADAFBMVEX///8AAAgAABAAABgAAAAA
--CCkAEEIAEEoACDEAEFIIIXMIKXsIKYQIIWsAGFoACDkIIWMQOZwYQqUYQq0YQrUQOaUQMZQAGFIQ
--MYwpUrU5Y8Y5Y84pWs4YSs4YQs4YQr1Ca8Z7nNacvd6Mtd5jlOcxa94hUt4YStYYQsYQMaUAACHO
--5+/n7++cxu9ShO8pWucQOa1Ke86tzt6lzu9ajO8QMZxahNat1ufO7++Mve9Ke+8YOaUYSsaMvee1
--5++Uve8AAClajOdzpe9rnO8IKYwxY+8pWu8IIXsAAAAAAAAAAAAAAAAAAAAAAAAAAAAAAAAAAAAA
--AAAAAAAAAAAAAAAAAAAAAAAAAAAAAAAAAAAAAAAAAAAAAAAAAAAAAAAAAAAAAAAAAAAAAAAAAAAA
--AAAAAAAAAAAAAAAAAAAAAAAAAAAAAAAAAAAAAAAAAAAAAAAAAAAAAAAAAAAAAAAAAAAAAAAAAAAA
--AAAAAAAAAAAAAAAAAAAAAAAAAAAAAAAAAAAAAAAAAAAAAAAAAAAAAAAAAAAAAAAAAAAAAAAAAAAA
--AAAAAAAAAAAAAAAAAAAAAAAAAAAAAAAAAAAAAAAAAAAAAAAAAAAAAAAAAAAAAAAAAAAAAAAAAAAA
--AAAAAAAAAAAAAAAAAAAAAAAAAAAAAAAAAAAAAAAAAAAAAAAAAAAAAAAAAAAAAAAAAAAAAAAAAAAA
--AAAAAAAAAAAAAAAAAAAAAAAAAAAAAAAAAAAAAAAAAAAAAAAAAAAAAAAAAAAAAAAAAAAAAAAAAAAA
--AAAAAAAAAAAAAAAAAAAAAAAAAAAAAAAAAAAAAAAAAAAAAAAAAAAAAAAAAAAAAAAAAAAAAAAAAAAA
--AAAAAAAAAAAAAAAAAAAAAAAAAAAAAAAAAAAAAAAAAAAAAAAAAAAAAAAAAAAAAAAAAAAAAAAAAAAA
--AAAAAAAAAAAAAAAAAAAAAAAAAAAAAAAAAAAAAAAAAAAAAAAAAAAAAAAAAAAAAAAAAAAAAAAAAAAA
--AAAAAAAAAAAAAADBMg1VAAAAAXRSTlMAQObYZgAAABZ0RVh0U29mdHdhcmUAZ2lmMnBuZyAyLjAu
--MT1evmgAAAGISURBVHicddJtV5swGAbgEk6AJhBSk4bMCUynBSLaqovbrG/bfPn/vyh70lbssceb
--L5xznTsh5BmNhgQoRChwo50EOIohUYLDj4zHhKYQkrEoQdvock4ne0IKMVUpKZLQDeqSTIsv+18P
--yqqWUw2IBsRM7307PPp+fDJrWtnpLDJvewYxnewfnvanZ+fzpmwXijC8KbqEa3Fx2ff91Y95U9XC
--UpaDeQwiMpHXP/v+1++bWVPWQoGFawtjury9vru/f/C1Vi7ezT0WWpQHf/7+u/G71aLThK/MjRxm
--T6KdzZ9fGk9yatMsTgZLl3XVgFRAC6spj/13enssqJVtWVa3NdBSacL8+VZmYqKmdd1CSYoOiMOS
--GwtzlqqlFFIuOqv0a1ZEZrUkWICLLFW266y1KvWE1zV/iDAH1EopnVLCiygZCIomH3NCKX0lnI+B
--1iuuzCGTxwXjnDO4d7NpbX42YJJHkBwmAm2TxwAZg40J3+Xtbv1rgOAZwG0NxW62p+lT+Yi747sD
--/wEUVMzYmWkOvwAAACV0RVh0Q29tbWVudABjbGlwMmdpZiB2LjAuNiBieSBZdmVzIFBpZ3VldDZz
--O7wAAAAASUVORK5CYII=
--
--
--Content-Type: image/png;
--	name="redball.png"
--Content-Transfer-Encoding: base64
--Content-Disposition: attachment;
--	filename="redball.png"
--
--iVBORw0KGgoAAAANSUhEUgAAABsAAAAbCAMAAAC6CgRnAAADAFBMVEX///8AAAABAAALAAAVAAAa
--AAAXAAARAAAKAAADAAAcAAAyAABEAABNAABIAAA9AAAjAAAWAAAmAABhAAB7AACGAACHAAB9AAB0
--AABgAAA5AAAUAAAGAAAnAABLAABvAACQAAClAAC7AAC/AACrAAChAACMAABzAABbAAAuAAAIAABM
--AAB3AACZAAC0GRnKODjVPT3bKSndBQW4AACoAAB5AAAxAAAYAAAEAABFAACaAAC7JCTRYWHfhITm
--f3/mVlbqHx/SAAC5AACjAABdAABCAAAoAAAJAABnAAC6Dw/QVFTek5PlrKzpmZntZWXvJSXXAADB
--AACxAACcAABtAABTAAA2AAAbAAAFAABKAACBAADLICDdZ2fonJzrpqbtiorvUVHvFBTRAADDAAC2
--AAB4AABeAABAAAAiAABXAACSAADCAADaGxvoVVXseHjveHjvV1fvJibhAADOAAC3AACnAACVAABH
--AAArAAAPAACdAADFAADhBQXrKCjvPDzvNTXvGxvjAADQAADJAAC1AACXAACEAABsAABPAAASAAAC
--AABiAADpAADvAgLnAADYAADLAAC6AACwAABwAAATAAAkAABYAADIAADTAADNAACzAACDAABuAAAe
--AAB+AADAAACkAACNAAB/AABpAABQAAAwAACRAACpAAC8AACqAACbAABlAABJAAAqAAAOAAA0AACs
--AACvAACtAACmAACJAAB6AABrAABaAAA+AAApAABqAACCAACfAACeAACWAACPAAB8AAAZAAAHAABV
--AACOAACKAAA4AAAQAAA/AAByAACAAABcAAA3AAAsAABmAABDAABWAAAgAAAzAAA8AAA6AAAfAAAM
--AAAdAAANAAAAAAAAAAAAAAAAAAAAAAAAAAAAAAAAAAAAAAAAAAAAAAAAAAAAAAAAAAAAAAAAAAAA
--AAAAAAAAAAAAAAAAAAAAAAAAAAAAAAAAAAAAAAAAAAAAAAAAAAAAAAAAAAAAAAAAAAAAAAAAAAAA
--AAAAAAAAAAAAAAD8LtlFAAAAAXRSTlMAQObYZgAAABZ0RVh0U29mdHdhcmUAZ2lmMnBuZyAyLjAu
--MT1evmgAAAIISURBVHicY2CAg/8QwIABmJhZWFnZ2Dk4MaU5uLh5eHn5+LkFBDlQJf8zC/EIi4iK
--iUtI8koJScsgyf5nlpWTV1BUUlZRVVPX4NFk1UJIyghp6+jq6RsYGhmbKJgK85mZW8Dk/rNaSlhZ
--29ja2Ts4Ojkr6Li4urFDNf53N/Ow8vTy9vH18w8IDAoWDQkNC4+ASP5ni4wKio6JjYtPSExKTnFW
--SE1LF4A69n9GZlZ2Tm5efkFhUXFySWlZlEd5RSVY7j+TkGRVdU1tXX1DY1Ozcktpa1t7h2YnOAj+
--d7l1tyo79vT29SdNSJ44SbFVdHIo9xSIHNPUaWqTpifNSJrZnK00S0U1a/acUG5piNz/uXLzVJ2q
--m6dXz584S2WB1cJFi5cshZr539xVftnyFKUVTi2TVjqvyhJLXb1m7TqoHPt6F/HW0g0bN63crGqV
--tWXrtu07BJihcsw71+zanRW8Z89eq337RQ/Ip60xO3gIElX/LbikDm8T36KwbNmRo7O3zpHkPSZw
--HBqL//8flz1x2OOkyKJTi7aqbzutfUZI2gIuF8F2lr/D5dw2+fZdwpl8YVOlI+CJ4/9/joOyYed5
--QzMvhGqnm2V0WiClm///D0lfXHtJ6vLlK9w7rx7vQk5SQJbFtSms1y9evXid7QZacgOxmSxktNzd
--tSwwU+J/VICaCPFIYU3XAJhIOtjf5sfyAAAAJXRFWHRDb21tZW50AGNsaXAyZ2lmIHYuMC42IGJ5
--IFl2ZXMgUGlndWV0NnM7vAAAAABJRU5ErkJggg==
--
--
###############################
/home/mainak/Documents/Course_CzechRepublic/SecureCodingAndPractises_PA193/project/Project-Part2/MimeParser-master/parserCore/test/good/m0014.txt
###############################
	boundary="----=_NextPart_000_0005_01BFC037.799BEF60"
Content-Type: multipart/alternative;
From: "Doug Sauder" <doug@example.com>
To: "Joe Blow" <jblow@example.com>
Subject: Test message from Microsoft Outlook 00
Date: Wed, 17 May 2000 19:38:28 -0400
Message-ID: <NDBBIAKOPKHFGPLCODIGCEKFCHAA.doug@example.com>
MIME-Version: 1.0
X-Priority: 3 (Normal)
X-MSMail-Priority: Normal
X-Mailer: Microsoft Outlook IMO, Build 9.0.2416 (9.0.2910.0)
Importance: Normal
X-MimeOLE: Produced By Microsoft MimeOLE V5.00.2314.1300

This is a multi-part message in MIME format.


--Content-Type: text/plain;
--	charset="iso-8859-1"
--Content-Transfer-Encoding: quoted-printable
--
--
--The Hare and the Tortoise=20
--=20
--A HARE one day ridiculed the short feet and slow pace of the Tortoise, =
--who replied, laughing:  "Though you be swift as the wind, I will beat =
--you in a race."  The Hare, believing her assertion to be simply =
--impossible, assented to the proposal; and they agreed that the Fox =
--should choose the course and fix the goal.  On the day appointed for the =
--race the two started together.  The Tortoise never for a moment stopped, =
--but went on with a slow but steady pace straight to the end of the =
--course.  The Hare, lying down by the wayside, fell fast asleep.  At last =
--waking up, and moving as fast as he could, he saw the Tortoise had =
--reached the goal, and was comfortably dozing after her fatigue. =20
--=20
--Slow but steady wins the race. =20
--
--
--
--Content-Type: text/html;
--	charset="iso-8859-1"
--Content-Transfer-Encoding: quoted-printable
--
--<!DOCTYPE HTML PUBLIC "-//W3C//DTD HTML 4.0 Transitional//EN">
--<HTML><HEAD>
--<META content=3D"text/html; charset=3Diso-8859-1" =
--http-equiv=3DContent-Type>
--<META content=3D"MSHTML 5.00.2314.1000" name=3DGENERATOR></HEAD>
--<BODY>
--<DIV><FONT face=3DArial size=3D2><BR>The Hare and the Tortoise =
--<BR>&nbsp;<BR>A HARE=20
--one day ridiculed the short feet and slow pace of the Tortoise, who =
--replied,=20
--laughing:&nbsp; "Though you be swift as the wind, I will beat you in a=20
--race."&nbsp; The Hare, believing her assertion to be simply impossible, =
--assented=20
--to the proposal; and they agreed that the Fox should choose the course =
--and fix=20
--the goal.&nbsp; On the day appointed for the race the two started=20
--together.&nbsp; The Tortoise never for a moment stopped, but went on =
--with a slow=20
--but steady pace straight to the end of the course.&nbsp; The Hare, lying =
--down by=20
--the wayside, fell fast asleep.&nbsp; At last waking up, and moving as =
--fast as he=20
--could, he saw the Tortoise had reached the goal, and was comfortably =
--dozing=20
--after her fatigue.&nbsp; <BR>&nbsp;<BR>Slow but steady wins the =
--race.&nbsp;=20
--<BR></FONT></DIV></BODY></HTML>
--
--
###############################
/home/mainak/Documents/Course_CzechRepublic/SecureCodingAndPractises_PA193/project/Project-Part2/MimeParser-master/parserCore/test/good/m0015.txt
###############################
	boundary="----=_NextPart_000_0008_01BFC037.FDD8EE90"
	boundary="----=_NextPart_001_0009_01BFC037.FDD8EE90"
Content-Type: multipart/mixed;
From: "Doug Sauder" <doug@example.com>
To: "Joe Blow" <jblow@example.com>
Subject: Test message from Microsoft Outlook 00
Date: Wed, 17 May 2000 19:42:10 -0400
Message-ID: <NDBBIAKOPKHFGPLCODIGGEKFCHAA.doug@example.com>
MIME-Version: 1.0
X-Priority: 3 (Normal)
X-MSMail-Priority: Normal
X-Mailer: Microsoft Outlook IMO, Build 9.0.2416 (9.0.2910.0)
Importance: Normal
X-MimeOLE: Produced By Microsoft MimeOLE V5.00.2314.1300

This is a multi-part message in MIME format.


--Content-Type: multipart/alternative;
--
--
--
--Content-Type: text/plain;
--	charset="iso-8859-1"
--Content-Transfer-Encoding: quoted-printable
--
--
--The Hare and the Tortoise=20
--=20
--A HARE one day ridiculed the short feet and slow pace of the Tortoise, =
--who replied, laughing:  "Though you be swift as the wind, I will beat =
--you in a race."  The Hare, believing her assertion to be simply =
--impossible, assented to the proposal; and they agreed that the Fox =
--should choose the course and fix the goal.  On the day appointed for the =
--race the two started together.  The Tortoise never for a moment stopped, =
--but went on with a slow but steady pace straight to the end of the =
--course.  The Hare, lying down by the wayside, fell fast asleep.  At last =
--waking up, and moving as fast as he could, he saw the Tortoise had =
--reached the goal, and was comfortably dozing after her fatigue. =20
--=20
--Slow but steady wins the race. =20
--
--
--
--Content-Type: text/html;
--	charset="iso-8859-1"
--Content-Transfer-Encoding: quoted-printable
--
--<!DOCTYPE HTML PUBLIC "-//W3C//DTD HTML 4.0 Transitional//EN">
--<HTML><HEAD>
--<META content=3D"text/html; charset=3Diso-8859-1" =
--http-equiv=3DContent-Type>
--<META content=3D"MSHTML 5.00.2314.1000" name=3DGENERATOR></HEAD>
--<BODY>
--<DIV><BR><FONT face=3DArial size=3D2>The Hare and the Tortoise =
--<BR>&nbsp;<BR>A HARE=20
--one day ridiculed the short feet and slow pace of the Tortoise, who =
--replied,=20
--laughing:&nbsp; "Though you be swift as the wind, I will beat you in a=20
--race."&nbsp; The Hare, believing her assertion to be simply impossible, =
--assented=20
--to the proposal; and they agreed that the Fox should choose the course =
--and fix=20
--the goal.&nbsp; On the day appointed for the race the two started=20
--together.&nbsp; The Tortoise never for a moment stopped, but went on =
--with a slow=20
--but steady pace straight to the end of the course.&nbsp; The Hare, lying =
--down by=20
--the wayside, fell fast asleep.&nbsp; At last waking up, and moving as =
--fast as he=20
--could, he saw the Tortoise had reached the goal, and was comfortably =
--dozing=20
--after her fatigue.&nbsp; <BR>&nbsp;<BR>Slow but steady wins the =
--race.&nbsp;=20
--<BR></FONT></DIV></BODY></HTML>
--
--
--
--Content-Type: image/png;
--	name="greenball.png"
--Content-Transfer-Encoding: base64
--Content-Disposition: attachment;
--	filename="greenball.png"
--
--iVBORw0KGgoAAAANSUhEUgAAABsAAAAbCAMAAAC6CgRnAAADAFBMVEX///8AAAAAEAAAGAAAIQAA
--CAAAMQAAQgAAUgAAWgAASgAIYwAIcwAIewAQjAAIawAAOQAAYwAQlAAQnAAhpQAQpQAhrQBCvRhj
--xjFjxjlSxiEpzgAYvQAQrQAYrQAhvQCU1mOt1nuE1lJK3hgh1gAYxgAYtQAAKQBCzhDO55Te563G
--55SU52NS5yEh3gAYzgBS3iGc52vW75y974yE71JC7xCt73ul3nNa7ykh5wAY1gAx5wBS7yFr7zlK
--7xgp5wAp7wAx7wAIhAAQtQAAAAAAAAAAAAAAAAAAAAAAAAAAAAAAAAAAAAAAAAAAAAAAAAAAAAAA
--AAAAAAAAAAAAAAAAAAAAAAAAAAAAAAAAAAAAAAAAAAAAAAAAAAAAAAAAAAAAAAAAAAAAAAAAAAAA
--AAAAAAAAAAAAAAAAAAAAAAAAAAAAAAAAAAAAAAAAAAAAAAAAAAAAAAAAAAAAAAAAAAAAAAAAAAAA
--AAAAAAAAAAAAAAAAAAAAAAAAAAAAAAAAAAAAAAAAAAAAAAAAAAAAAAAAAAAAAAAAAAAAAAAAAAAA
--AAAAAAAAAAAAAAAAAAAAAAAAAAAAAAAAAAAAAAAAAAAAAAAAAAAAAAAAAAAAAAAAAAAAAAAAAAAA
--AAAAAAAAAAAAAAAAAAAAAAAAAAAAAAAAAAAAAAAAAAAAAAAAAAAAAAAAAAAAAAAAAAAAAAAAAAAA
--AAAAAAAAAAAAAAAAAAAAAAAAAAAAAAAAAAAAAAAAAAAAAAAAAAAAAAAAAAAAAAAAAAAAAAAAAAAA
--AAAAAAAAAAAAAAAAAAAAAAAAAAAAAAAAAAAAAAAAAAAAAAAAAAAAAAAAAAAAAAAAAAAAAAAAAAAA
--AAAAAAAAAAAAAAAAAAAAAAAAAAAAAAAAAAAAAAAAAAAAAAAAAAAAAAAAAAAAAAAAAAAAAAAAAAAA
--AAAAAAAAAAAAAAAAAAAAAAAAAAAAAAAAAAAAAAAAAAAAAAAAAAAAAAAAAAAAAAAAAAAAAAAAAAAA
--AAAAAAAAAAAAAAAp1fnZAAAAAXRSTlMAQObYZgAAABZ0RVh0U29mdHdhcmUAZ2lmMnBuZyAyLjAu
--MT1evmgAAAFtSURBVHicddJtV8IgFAdwD2zIgMEE1+NcqdsoK+m5tCyz7/+ZiLmHsyzvq53zO/cy
--+N9ery1bVe9PWQA9z4MQ+H8Yoj7GASZ95IHfaBGmLOSchyIgyOu22mgQSjUcDuNYcoGjLiLK1cHh
--0fHJaTKKOcMItgYxT89OzsfjyTTLC8UF0c2ZNmKquJhczq6ub+YmSVUYRF59GeDastu7+9nD41Nm
--kiJ2jc2J3kAWZ9Pr55fH18XSmRuKUTXUaqHy7O19tfr4NFle/w3YDrWRUIlZrL/W86XJkyJVG9Ea
--EjIx2XyZmZJGioeUaL+2AY8TY8omR6nkLKhu70zjUKVJXsp3quS2DVSJWNh3zzJKCyexI0ZxBP3a
--fE0ElyqOlZJyw8r3BE2SFiJCyxA434SCkg65RhdeQBljQtCg39LWrA90RDDG1EWrYUO23hMANUKR
--Rl61E529cR++D2G5LK002dr/qrcfu9u0V3bxn/XdhR/NYeeN0ggsLAAAACV0RVh0Q29tbWVudABj
--bGlwMmdpZiB2LjAuNiBieSBZdmVzIFBpZ3VldDZzO7wAAAAASUVORK5CYII=
--
--
--Content-Type: image/png;
--	name="redball.png"
--Content-Transfer-Encoding: base64
--Content-Disposition: attachment;
--	filename="redball.png"
--
--iVBORw0KGgoAAAANSUhEUgAAABsAAAAbCAMAAAC6CgRnAAADAFBMVEX///8AAAABAAALAAAVAAAa
--AAAXAAARAAAKAAADAAAcAAAyAABEAABNAABIAAA9AAAjAAAWAAAmAABhAAB7AACGAACHAAB9AAB0
--AABgAAA5AAAUAAAGAAAnAABLAABvAACQAAClAAC7AAC/AACrAAChAACMAABzAABbAAAuAAAIAABM
--AAB3AACZAAC0GRnKODjVPT3bKSndBQW4AACoAAB5AAAxAAAYAAAEAABFAACaAAC7JCTRYWHfhITm
--f3/mVlbqHx/SAAC5AACjAABdAABCAAAoAAAJAABnAAC6Dw/QVFTek5PlrKzpmZntZWXvJSXXAADB
--AACxAACcAABtAABTAAA2AAAbAAAFAABKAACBAADLICDdZ2fonJzrpqbtiorvUVHvFBTRAADDAAC2
--AAB4AABeAABAAAAiAABXAACSAADCAADaGxvoVVXseHjveHjvV1fvJibhAADOAAC3AACnAACVAABH
--AAArAAAPAACdAADFAADhBQXrKCjvPDzvNTXvGxvjAADQAADJAAC1AACXAACEAABsAABPAAASAAAC
--AABiAADpAADvAgLnAADYAADLAAC6AACwAABwAAATAAAkAABYAADIAADTAADNAACzAACDAABuAAAe
--AAB+AADAAACkAACNAAB/AABpAABQAAAwAACRAACpAAC8AACqAACbAABlAABJAAAqAAAOAAA0AACs
--AACvAACtAACmAACJAAB6AABrAABaAAA+AAApAABqAACCAACfAACeAACWAACPAAB8AAAZAAAHAABV
--AACOAACKAAA4AAAQAAA/AAByAACAAABcAAA3AAAsAABmAABDAABWAAAgAAAzAAA8AAA6AAAfAAAM
--AAAdAAANAAAAAAAAAAAAAAAAAAAAAAAAAAAAAAAAAAAAAAAAAAAAAAAAAAAAAAAAAAAAAAAAAAAA
--AAAAAAAAAAAAAAAAAAAAAAAAAAAAAAAAAAAAAAAAAAAAAAAAAAAAAAAAAAAAAAAAAAAAAAAAAAAA
--AAAAAAAAAAAAAAD8LtlFAAAAAXRSTlMAQObYZgAAABZ0RVh0U29mdHdhcmUAZ2lmMnBuZyAyLjAu
--MT1evmgAAAIISURBVHicY2CAg/8QwIABmJhZWFnZ2Dk4MaU5uLh5eHn5+LkFBDlQJf8zC/EIi4iK
--iUtI8koJScsgyf5nlpWTV1BUUlZRVVPX4NFk1UJIyghp6+jq6RsYGhmbKJgK85mZW8Dk/rNaSlhZ
--29ja2Ts4Ojkr6Li4urFDNf53N/Ow8vTy9vH18w8IDAoWDQkNC4+ASP5ni4wKio6JjYtPSExKTnFW
--SE1LF4A69n9GZlZ2Tm5efkFhUXFySWlZlEd5RSVY7j+TkGRVdU1tXX1DY1Ozcktpa1t7h2YnOAj+
--d7l1tyo79vT29SdNSJ44SbFVdHIo9xSIHNPUaWqTpifNSJrZnK00S0U1a/acUG5piNz/uXLzVJ2q
--m6dXz584S2WB1cJFi5cshZr539xVftnyFKUVTi2TVjqvyhJLXb1m7TqoHPt6F/HW0g0bN63crGqV
--tWXrtu07BJihcsw71+zanRW8Z89eq337RQ/Ip60xO3gIElX/LbikDm8T36KwbNmRo7O3zpHkPSZw
--HBqL//8flz1x2OOkyKJTi7aqbzutfUZI2gIuF8F2lr/D5dw2+fZdwpl8YVOlI+CJ4/9/joOyYed5
--QzMvhGqnm2V0WiClm///D0lfXHtJ6vLlK9w7rx7vQk5SQJbFtSms1y9evXid7QZacgOxmSxktNzd
--tSwwU+J/VICaCPFIYU3XAJhIOtjf5sfyAAAAJXRFWHRDb21tZW50AGNsaXAyZ2lmIHYuMC42IGJ5
--IFl2ZXMgUGlndWV0NnM7vAAAAABJRU5ErkJggg==
--
--
###############################
/home/mainak/Documents/Course_CzechRepublic/SecureCodingAndPractises_PA193/project/Project-Part2/MimeParser-master/parserCore/test/good/m0016.txt
###############################
	boundary="----=_NextPart_000_000C_01BFC038.5A5C8E60"
	boundary="----=_NextPart_001_000D_01BFC038.5A5C8E60"
Content-Type: multipart/related;
From: "Doug Sauder" <doug@example.com>
To: "Joe Blow" <jblow@example.com>
Subject: Test message from Microsoft Outlook 00
Date: Wed, 17 May 2000 19:44:45 -0400
Message-ID: <NDBBIAKOPKHFGPLCODIGKEKFCHAA.doug@example.com>
MIME-Version: 1.0
X-Priority: 3 (Normal)
X-MSMail-Priority: Normal
X-Mailer: Microsoft Outlook IMO, Build 9.0.2416 (9.0.2910.0)
Importance: Normal
X-MimeOLE: Produced By Microsoft MimeOLE V5.00.2314.1300

This is a multi-part message in MIME format.


--Content-Type: multipart/alternative;
--
--
--
--Content-Type: text/plain;
--	charset="iso-8859-1"
--Content-Transfer-Encoding: quoted-printable
--
--
--The Hare and the Tortoise=20
--=20
--A HARE one day ridiculed the short feet and slow pace of the Tortoise, =
--who replied, laughing:  "Though you be swift as the wind, I will beat =
--you in a race."  The Hare, believing her assertion to be simply =
--impossible, assented to the proposal; and they agreed that the Fox =
--should choose the course and fix the goal.  On the day appointed for the =
--race the two started together.  The Tortoise never for a moment stopped, =
--but went on with a slow but steady pace straight to the end of the =
--course.  The Hare, lying down by the wayside, fell fast asleep.  At last =
--waking up, and moving as fast as he could, he saw the Tortoise had =
--reached the goal, and was comfortably dozing after her fatigue. =20
--
--
--=20
--Slow but steady wins the race. =20
--
--
--
--
--
--Content-Type: text/html;
--	charset="iso-8859-1"
--Content-Transfer-Encoding: quoted-printable
--
--<!DOCTYPE HTML PUBLIC "-//W3C//DTD HTML 4.0 Transitional//EN">
--<HTML><HEAD>
--<META content=3D"text/html; charset=3Diso-8859-1" =
--http-equiv=3DContent-Type>
--<META content=3D"MSHTML 5.00.2314.1000" name=3DGENERATOR></HEAD>
--<BODY>
--<DIV><FONT face=3DArial size=3D2><BR>The Hare and the Tortoise =
--<BR>&nbsp;<BR>A HARE=20
--one day ridiculed the short feet and slow pace of the Tortoise, who =
--replied,=20
--laughing:&nbsp; "Though you be swift as the wind, I will beat you in a=20
--race."&nbsp; The Hare, believing her assertion to be simply impossible, =
--assented=20
--to the proposal; and they agreed that the Fox should choose the course =
--and fix=20
--the goal.&nbsp; On the day appointed for the race the two started=20
--together.&nbsp; The Tortoise never for a moment stopped, but went on =
--with a slow=20
--but steady pace straight to the end of the course.&nbsp; The Hare, lying =
--down by=20
--the wayside, fell fast asleep.&nbsp; At last waking up, and moving as =
--fast as he=20
--could, he saw the Tortoise had reached the goal, and was comfortably =
--dozing=20
--after her fatigue.&nbsp;&nbsp;</FONT></DIV>
--<DIV><FONT face=3DArial size=3D2></FONT>&nbsp;</DIV>
--<DIV><FONT face=3DArial size=3D2><IMG align=3Dbaseline alt=3D"blue ball" =
--border=3D0=20
--hspace=3D0 src=3D"cid:823504223@17052000-0f8d"><BR>&nbsp;<BR>Slow but =
--steady wins=20
--the race.&nbsp; </FONT></DIV>
--<DIV>&nbsp;</DIV>
--<DIV><FONT face=3DArial size=3D2><IMG align=3Dbaseline alt=3D"red ball" =
--border=3D0=20
--hspace=3D0 =
--src=3D"cid:823504223@17052000-0f94"><BR></DIV></FONT></BODY></HTML>
--
--
--
--Content-Type: image/png;
--	name="blueball.png"
--Content-Transfer-Encoding: base64
--Content-ID: <823504223@17052000-0f8d>
--
--iVBORw0KGgoAAAANSUhEUgAAABsAAAAbCAMAAAC6CgRnAAADAFBMVEX///8AAAgAABAAABgAAAAA
--CCkAEEIAEEoACDEAEFIIIXMIKXsIKYQIIWsAGFoACDkIIWMQOZwYQqUYQq0YQrUQOaUQMZQAGFIQ
--MYwpUrU5Y8Y5Y84pWs4YSs4YQs4YQr1Ca8Z7nNacvd6Mtd5jlOcxa94hUt4YStYYQsYQMaUAACHO
--5+/n7++cxu9ShO8pWucQOa1Ke86tzt6lzu9ajO8QMZxahNat1ufO7++Mve9Ke+8YOaUYSsaMvee1
--5++Uve8AAClajOdzpe9rnO8IKYwxY+8pWu8IIXsAAAAAAAAAAAAAAAAAAAAAAAAAAAAAAAAAAAAA
--AAAAAAAAAAAAAAAAAAAAAAAAAAAAAAAAAAAAAAAAAAAAAAAAAAAAAAAAAAAAAAAAAAAAAAAAAAAA
--AAAAAAAAAAAAAAAAAAAAAAAAAAAAAAAAAAAAAAAAAAAAAAAAAAAAAAAAAAAAAAAAAAAAAAAAAAAA
--AAAAAAAAAAAAAAAAAAAAAAAAAAAAAAAAAAAAAAAAAAAAAAAAAAAAAAAAAAAAAAAAAAAAAAAAAAAA
--AAAAAAAAAAAAAAAAAAAAAAAAAAAAAAAAAAAAAAAAAAAAAAAAAAAAAAAAAAAAAAAAAAAAAAAAAAAA
--AAAAAAAAAAAAAAAAAAAAAAAAAAAAAAAAAAAAAAAAAAAAAAAAAAAAAAAAAAAAAAAAAAAAAAAAAAAA
--AAAAAAAAAAAAAAAAAAAAAAAAAAAAAAAAAAAAAAAAAAAAAAAAAAAAAAAAAAAAAAAAAAAAAAAAAAAA
--AAAAAAAAAAAAAAAAAAAAAAAAAAAAAAAAAAAAAAAAAAAAAAAAAAAAAAAAAAAAAAAAAAAAAAAAAAAA
--AAAAAAAAAAAAAAAAAAAAAAAAAAAAAAAAAAAAAAAAAAAAAAAAAAAAAAAAAAAAAAAAAAAAAAAAAAAA
--AAAAAAAAAAAAAAAAAAAAAAAAAAAAAAAAAAAAAAAAAAAAAAAAAAAAAAAAAAAAAAAAAAAAAAAAAAAA
--AAAAAAAAAAAAAADBMg1VAAAAAXRSTlMAQObYZgAAABZ0RVh0U29mdHdhcmUAZ2lmMnBuZyAyLjAu
--MT1evmgAAAGISURBVHicddJtV5swGAbgEk6AJhBSk4bMCUynBSLaqovbrG/bfPn/vyh70lbssceb
--L5xznTsh5BmNhgQoRChwo50EOIohUYLDj4zHhKYQkrEoQdvock4ne0IKMVUpKZLQDeqSTIsv+18P
--yqqWUw2IBsRM7307PPp+fDJrWtnpLDJvewYxnewfnvanZ+fzpmwXijC8KbqEa3Fx2ff91Y95U9XC
--UpaDeQwiMpHXP/v+1++bWVPWQoGFawtjury9vru/f/C1Vi7ezT0WWpQHf/7+u/G71aLThK/MjRxm
--T6KdzZ9fGk9yatMsTgZLl3XVgFRAC6spj/13enssqJVtWVa3NdBSacL8+VZmYqKmdd1CSYoOiMOS
--GwtzlqqlFFIuOqv0a1ZEZrUkWICLLFW266y1KvWE1zV/iDAH1EopnVLCiygZCIomH3NCKX0lnI+B
--1iuuzCGTxwXjnDO4d7NpbX42YJJHkBwmAm2TxwAZg40J3+Xtbv1rgOAZwG0NxW62p+lT+Yi747sD
--/wEUVMzYmWkOvwAAACV0RVh0Q29tbWVudABjbGlwMmdpZiB2LjAuNiBieSBZdmVzIFBpZ3VldDZz
--O7wAAAAASUVORK5CYII=
--
--
--Content-Type: image/png;
--	name="redball.png"
--Content-Transfer-Encoding: base64
--Content-ID: <823504223@17052000-0f94>
--
--iVBORw0KGgoAAAANSUhEUgAAABsAAAAbCAMAAAC6CgRnAAADAFBMVEX///8AAAABAAALAAAVAAAa
--AAAXAAARAAAKAAADAAAcAAAyAABEAABNAABIAAA9AAAjAAAWAAAmAABhAAB7AACGAACHAAB9AAB0
--AABgAAA5AAAUAAAGAAAnAABLAABvAACQAAClAAC7AAC/AACrAAChAACMAABzAABbAAAuAAAIAABM
--AAB3AACZAAC0GRnKODjVPT3bKSndBQW4AACoAAB5AAAxAAAYAAAEAABFAACaAAC7JCTRYWHfhITm
--f3/mVlbqHx/SAAC5AACjAABdAABCAAAoAAAJAABnAAC6Dw/QVFTek5PlrKzpmZntZWXvJSXXAADB
--AACxAACcAABtAABTAAA2AAAbAAAFAABKAACBAADLICDdZ2fonJzrpqbtiorvUVHvFBTRAADDAAC2
--AAB4AABeAABAAAAiAABXAACSAADCAADaGxvoVVXseHjveHjvV1fvJibhAADOAAC3AACnAACVAABH
--AAArAAAPAACdAADFAADhBQXrKCjvPDzvNTXvGxvjAADQAADJAAC1AACXAACEAABsAABPAAASAAAC
--AABiAADpAADvAgLnAADYAADLAAC6AACwAABwAAATAAAkAABYAADIAADTAADNAACzAACDAABuAAAe
--AAB+AADAAACkAACNAAB/AABpAABQAAAwAACRAACpAAC8AACqAACbAABlAABJAAAqAAAOAAA0AACs
--AACvAACtAACmAACJAAB6AABrAABaAAA+AAApAABqAACCAACfAACeAACWAACPAAB8AAAZAAAHAABV
--AACOAACKAAA4AAAQAAA/AAByAACAAABcAAA3AAAsAABmAABDAABWAAAgAAAzAAA8AAA6AAAfAAAM
--AAAdAAANAAAAAAAAAAAAAAAAAAAAAAAAAAAAAAAAAAAAAAAAAAAAAAAAAAAAAAAAAAAAAAAAAAAA
--AAAAAAAAAAAAAAAAAAAAAAAAAAAAAAAAAAAAAAAAAAAAAAAAAAAAAAAAAAAAAAAAAAAAAAAAAAAA
--AAAAAAAAAAAAAAD8LtlFAAAAAXRSTlMAQObYZgAAABZ0RVh0U29mdHdhcmUAZ2lmMnBuZyAyLjAu
--MT1evmgAAAIISURBVHicY2CAg/8QwIABmJhZWFnZ2Dk4MaU5uLh5eHn5+LkFBDlQJf8zC/EIi4iK
--iUtI8koJScsgyf5nlpWTV1BUUlZRVVPX4NFk1UJIyghp6+jq6RsYGhmbKJgK85mZW8Dk/rNaSlhZ
--29ja2Ts4Ojkr6Li4urFDNf53N/Ow8vTy9vH18w8IDAoWDQkNC4+ASP5ni4wKio6JjYtPSExKTnFW
--SE1LF4A69n9GZlZ2Tm5efkFhUXFySWlZlEd5RSVY7j+TkGRVdU1tXX1DY1Ozcktpa1t7h2YnOAj+
--d7l1tyo79vT29SdNSJ44SbFVdHIo9xSIHNPUaWqTpifNSJrZnK00S0U1a/acUG5piNz/uXLzVJ2q
--m6dXz584S2WB1cJFi5cshZr539xVftnyFKUVTi2TVjqvyhJLXb1m7TqoHPt6F/HW0g0bN63crGqV
--tWXrtu07BJihcsw71+zanRW8Z89eq337RQ/Ip60xO3gIElX/LbikDm8T36KwbNmRo7O3zpHkPSZw
--HBqL//8flz1x2OOkyKJTi7aqbzutfUZI2gIuF8F2lr/D5dw2+fZdwpl8YVOlI+CJ4/9/joOyYed5
--QzMvhGqnm2V0WiClm///D0lfXHtJ6vLlK9w7rx7vQk5SQJbFtSms1y9evXid7QZacgOxmSxktNzd
--tSwwU+J/VICaCPFIYU3XAJhIOtjf5sfyAAAAJXRFWHRDb21tZW50AGNsaXAyZ2lmIHYuMC42IGJ5
--IFl2ZXMgUGlndWV0NnM7vAAAAABJRU5ErkJggg==
--
--
###############################
/home/mainak/Documents/Course_CzechRepublic/SecureCodingAndPractises_PA193/project/Project-Part2/MimeParser-master/parserCore/test/good/m0017.txt
###############################
	boundary="----=_NextPart_000_0010_01BFC038.B91BC650"
	boundary="----=_NextPart_001_0011_01BFC038.B91BC650"
	boundary="----=_NextPart_002_0012_01BFC038.B91BC650"
Content-Type: multipart/mixed;
From: "Doug Sauder" <doug@example.com>
To: "Joe Blow" <jblow@example.com>
Subject: Test message from Microsoft Outlook 00
Date: Wed, 17 May 2000 19:47:24 -0400
Message-ID: <NDBBIAKOPKHFGPLCODIGOEKFCHAA.doug@example.com>
MIME-Version: 1.0
X-Priority: 3 (Normal)
X-MSMail-Priority: Normal
X-Mailer: Microsoft Outlook IMO, Build 9.0.2416 (9.0.2910.0)
Importance: Normal
X-MimeOLE: Produced By Microsoft MimeOLE V5.00.2314.1300

This is a multi-part message in MIME format.


--Content-Type: multipart/related;
--
--
--
--Content-Type: multipart/alternative;
--
--
--
--Content-Type: text/plain;
--	charset="iso-8859-1"
--Content-Transfer-Encoding: quoted-printable
--
--
--
--The Hare and the Tortoise=20
--=20
--A HARE one day ridiculed the short feet and slow pace of the Tortoise, =
--who replied, laughing:  "Though you be swift as the wind, I will beat =
--you in a race."  The Hare, believing her assertion to be simply =
--impossible, assented to the proposal; and they agreed that the Fox =
--should choose the course and fix the goal.  On the day appointed for the =
--race the two started together.  The Tortoise never for a moment stopped, =
--but went on with a slow but steady pace straight to the end of the =
--course.  The Hare, lying down by the wayside, fell fast asleep.  At last =
--waking up, and moving as fast as he could, he saw the Tortoise had =
--reached the goal, and was comfortably dozing after her fatigue. =20
--=20
--Slow but steady wins the race. =20
--
--
--
--
--Content-Type: text/html;
--	charset="iso-8859-1"
--Content-Transfer-Encoding: quoted-printable
--
--<!DOCTYPE HTML PUBLIC "-//W3C//DTD HTML 4.0 Transitional//EN">
--<HTML><HEAD>
--<META content=3D"text/html; charset=3Diso-8859-1" =
--http-equiv=3DContent-Type>
--<META content=3D"MSHTML 5.00.2314.1000" name=3DGENERATOR></HEAD>
--<BODY>
--<DIV><FONT face=3DArial size=3D2><IMG align=3Dbaseline alt=3D"blue ball" =
--border=3D0=20
--hspace=3D0 src=3D"cid:938014623@17052000-0f9b"></FONT></DIV>
--<DIV><FONT face=3DArial size=3D2><BR>The Hare and the Tortoise =
--<BR>&nbsp;<BR>A HARE=20
--one day ridiculed the short feet and slow pace of the Tortoise, who =
--replied,=20
--laughing:&nbsp; "Though you be swift as the wind, I will beat you in a=20
--race."&nbsp; The Hare, believing her assertion to be simply impossible, =
--assented=20
--to the proposal; and they agreed that the Fox should choose the course =
--and fix=20
--the goal.&nbsp; On the day appointed for the race the two started=20
--together.&nbsp; The Tortoise never for a moment stopped, but went on =
--with a slow=20
--but steady pace straight to the end of the course.&nbsp; The Hare, lying =
--down by=20
--the wayside, fell fast asleep.&nbsp; At last waking up, and moving as =
--fast as he=20
--could, he saw the Tortoise had reached the goal, and was comfortably =
--dozing=20
--after her fatigue.&nbsp; <BR>&nbsp;<BR>Slow but steady wins the =
--race.&nbsp;=20
--</FONT></DIV>
--<DIV><FONT face=3DArial size=3D2><BR>&nbsp;</DIV></FONT></BODY></HTML>
--
--
--
--Content-Type: image/png;
--	name="blueball.png"
--Content-Transfer-Encoding: base64
--Content-ID: <938014623@17052000-0f9b>
--
--iVBORw0KGgoAAAANSUhEUgAAABsAAAAbCAMAAAC6CgRnAAADAFBMVEX///8AAAgAABAAABgAAAAA
--CCkAEEIAEEoACDEAEFIIIXMIKXsIKYQIIWsAGFoACDkIIWMQOZwYQqUYQq0YQrUQOaUQMZQAGFIQ
--MYwpUrU5Y8Y5Y84pWs4YSs4YQs4YQr1Ca8Z7nNacvd6Mtd5jlOcxa94hUt4YStYYQsYQMaUAACHO
--5+/n7++cxu9ShO8pWucQOa1Ke86tzt6lzu9ajO8QMZxahNat1ufO7++Mve9Ke+8YOaUYSsaMvee1
--5++Uve8AAClajOdzpe9rnO8IKYwxY+8pWu8IIXsAAAAAAAAAAAAAAAAAAAAAAAAAAAAAAAAAAAAA
--AAAAAAAAAAAAAAAAAAAAAAAAAAAAAAAAAAAAAAAAAAAAAAAAAAAAAAAAAAAAAAAAAAAAAAAAAAAA
--AAAAAAAAAAAAAAAAAAAAAAAAAAAAAAAAAAAAAAAAAAAAAAAAAAAAAAAAAAAAAAAAAAAAAAAAAAAA
--AAAAAAAAAAAAAAAAAAAAAAAAAAAAAAAAAAAAAAAAAAAAAAAAAAAAAAAAAAAAAAAAAAAAAAAAAAAA
--AAAAAAAAAAAAAAAAAAAAAAAAAAAAAAAAAAAAAAAAAAAAAAAAAAAAAAAAAAAAAAAAAAAAAAAAAAAA
--AAAAAAAAAAAAAAAAAAAAAAAAAAAAAAAAAAAAAAAAAAAAAAAAAAAAAAAAAAAAAAAAAAAAAAAAAAAA
--AAAAAAAAAAAAAAAAAAAAAAAAAAAAAAAAAAAAAAAAAAAAAAAAAAAAAAAAAAAAAAAAAAAAAAAAAAAA
--AAAAAAAAAAAAAAAAAAAAAAAAAAAAAAAAAAAAAAAAAAAAAAAAAAAAAAAAAAAAAAAAAAAAAAAAAAAA
--AAAAAAAAAAAAAAAAAAAAAAAAAAAAAAAAAAAAAAAAAAAAAAAAAAAAAAAAAAAAAAAAAAAAAAAAAAAA
--AAAAAAAAAAAAAAAAAAAAAAAAAAAAAAAAAAAAAAAAAAAAAAAAAAAAAAAAAAAAAAAAAAAAAAAAAAAA
--AAAAAAAAAAAAAADBMg1VAAAAAXRSTlMAQObYZgAAABZ0RVh0U29mdHdhcmUAZ2lmMnBuZyAyLjAu
--MT1evmgAAAGISURBVHicddJtV5swGAbgEk6AJhBSk4bMCUynBSLaqovbrG/bfPn/vyh70lbssceb
--L5xznTsh5BmNhgQoRChwo50EOIohUYLDj4zHhKYQkrEoQdvock4ne0IKMVUpKZLQDeqSTIsv+18P
--yqqWUw2IBsRM7307PPp+fDJrWtnpLDJvewYxnewfnvanZ+fzpmwXijC8KbqEa3Fx2ff91Y95U9XC
--UpaDeQwiMpHXP/v+1++bWVPWQoGFawtjury9vru/f/C1Vi7ezT0WWpQHf/7+u/G71aLThK/MjRxm
--T6KdzZ9fGk9yatMsTgZLl3XVgFRAC6spj/13enssqJVtWVa3NdBSacL8+VZmYqKmdd1CSYoOiMOS
--GwtzlqqlFFIuOqv0a1ZEZrUkWICLLFW266y1KvWE1zV/iDAH1EopnVLCiygZCIomH3NCKX0lnI+B
--1iuuzCGTxwXjnDO4d7NpbX42YJJHkBwmAm2TxwAZg40J3+Xtbv1rgOAZwG0NxW62p+lT+Yi747sD
--/wEUVMzYmWkOvwAAACV0RVh0Q29tbWVudABjbGlwMmdpZiB2LjAuNiBieSBZdmVzIFBpZ3VldDZz
--O7wAAAAASUVORK5CYII=
--
--
--
--Content-Type: image/png;
--	name="greenball.png"
--Content-Transfer-Encoding: base64
--Content-Disposition: attachment;
--	filename="greenball.png"
--
--iVBORw0KGgoAAAANSUhEUgAAABsAAAAbCAMAAAC6CgRnAAADAFBMVEX///8AAAAAEAAAGAAAIQAA
--CAAAMQAAQgAAUgAAWgAASgAIYwAIcwAIewAQjAAIawAAOQAAYwAQlAAQnAAhpQAQpQAhrQBCvRhj
--xjFjxjlSxiEpzgAYvQAQrQAYrQAhvQCU1mOt1nuE1lJK3hgh1gAYxgAYtQAAKQBCzhDO55Te563G
--55SU52NS5yEh3gAYzgBS3iGc52vW75y974yE71JC7xCt73ul3nNa7ykh5wAY1gAx5wBS7yFr7zlK
--7xgp5wAp7wAx7wAIhAAQtQAAAAAAAAAAAAAAAAAAAAAAAAAAAAAAAAAAAAAAAAAAAAAAAAAAAAAA
--AAAAAAAAAAAAAAAAAAAAAAAAAAAAAAAAAAAAAAAAAAAAAAAAAAAAAAAAAAAAAAAAAAAAAAAAAAAA
--AAAAAAAAAAAAAAAAAAAAAAAAAAAAAAAAAAAAAAAAAAAAAAAAAAAAAAAAAAAAAAAAAAAAAAAAAAAA
--AAAAAAAAAAAAAAAAAAAAAAAAAAAAAAAAAAAAAAAAAAAAAAAAAAAAAAAAAAAAAAAAAAAAAAAAAAAA
--AAAAAAAAAAAAAAAAAAAAAAAAAAAAAAAAAAAAAAAAAAAAAAAAAAAAAAAAAAAAAAAAAAAAAAAAAAAA
--AAAAAAAAAAAAAAAAAAAAAAAAAAAAAAAAAAAAAAAAAAAAAAAAAAAAAAAAAAAAAAAAAAAAAAAAAAAA
--AAAAAAAAAAAAAAAAAAAAAAAAAAAAAAAAAAAAAAAAAAAAAAAAAAAAAAAAAAAAAAAAAAAAAAAAAAAA
--AAAAAAAAAAAAAAAAAAAAAAAAAAAAAAAAAAAAAAAAAAAAAAAAAAAAAAAAAAAAAAAAAAAAAAAAAAAA
--AAAAAAAAAAAAAAAAAAAAAAAAAAAAAAAAAAAAAAAAAAAAAAAAAAAAAAAAAAAAAAAAAAAAAAAAAAAA
--AAAAAAAAAAAAAAAAAAAAAAAAAAAAAAAAAAAAAAAAAAAAAAAAAAAAAAAAAAAAAAAAAAAAAAAAAAAA
--AAAAAAAAAAAAAAAp1fnZAAAAAXRSTlMAQObYZgAAABZ0RVh0U29mdHdhcmUAZ2lmMnBuZyAyLjAu
--MT1evmgAAAFtSURBVHicddJtV8IgFAdwD2zIgMEE1+NcqdsoK+m5tCyz7/+ZiLmHsyzvq53zO/cy
--+N9ery1bVe9PWQA9z4MQ+H8Yoj7GASZ95IHfaBGmLOSchyIgyOu22mgQSjUcDuNYcoGjLiLK1cHh
--0fHJaTKKOcMItgYxT89OzsfjyTTLC8UF0c2ZNmKquJhczq6ub+YmSVUYRF59GeDastu7+9nD41Nm
--kiJ2jc2J3kAWZ9Pr55fH18XSmRuKUTXUaqHy7O19tfr4NFle/w3YDrWRUIlZrL/W86XJkyJVG9Ea
--EjIx2XyZmZJGioeUaL+2AY8TY8omR6nkLKhu70zjUKVJXsp3quS2DVSJWNh3zzJKCyexI0ZxBP3a
--fE0ElyqOlZJyw8r3BE2SFiJCyxA434SCkg65RhdeQBljQtCg39LWrA90RDDG1EWrYUO23hMANUKR
--Rl61E529cR++D2G5LK002dr/qrcfu9u0V3bxn/XdhR/NYeeN0ggsLAAAACV0RVh0Q29tbWVudABj
--bGlwMmdpZiB2LjAuNiBieSBZdmVzIFBpZ3VldDZzO7wAAAAASUVORK5CYII=
--
--
--Content-Type: image/png;
--	name="redball.png"
--Content-Transfer-Encoding: base64
--Content-Disposition: attachment;
--	filename="redball.png"
--
--iVBORw0KGgoAAAANSUhEUgAAABsAAAAbCAMAAAC6CgRnAAADAFBMVEX///8AAAABAAALAAAVAAAa
--AAAXAAARAAAKAAADAAAcAAAyAABEAABNAABIAAA9AAAjAAAWAAAmAABhAAB7AACGAACHAAB9AAB0
--AABgAAA5AAAUAAAGAAAnAABLAABvAACQAAClAAC7AAC/AACrAAChAACMAABzAABbAAAuAAAIAABM
--AAB3AACZAAC0GRnKODjVPT3bKSndBQW4AACoAAB5AAAxAAAYAAAEAABFAACaAAC7JCTRYWHfhITm
--f3/mVlbqHx/SAAC5AACjAABdAABCAAAoAAAJAABnAAC6Dw/QVFTek5PlrKzpmZntZWXvJSXXAADB
--AACxAACcAABtAABTAAA2AAAbAAAFAABKAACBAADLICDdZ2fonJzrpqbtiorvUVHvFBTRAADDAAC2
--AAB4AABeAABAAAAiAABXAACSAADCAADaGxvoVVXseHjveHjvV1fvJibhAADOAAC3AACnAACVAABH
--AAArAAAPAACdAADFAADhBQXrKCjvPDzvNTXvGxvjAADQAADJAAC1AACXAACEAABsAABPAAASAAAC
--AABiAADpAADvAgLnAADYAADLAAC6AACwAABwAAATAAAkAABYAADIAADTAADNAACzAACDAABuAAAe
--AAB+AADAAACkAACNAAB/AABpAABQAAAwAACRAACpAAC8AACqAACbAABlAABJAAAqAAAOAAA0AACs
--AACvAACtAACmAACJAAB6AABrAABaAAA+AAApAABqAACCAACfAACeAACWAACPAAB8AAAZAAAHAABV
--AACOAACKAAA4AAAQAAA/AAByAACAAABcAAA3AAAsAABmAABDAABWAAAgAAAzAAA8AAA6AAAfAAAM
--AAAdAAANAAAAAAAAAAAAAAAAAAAAAAAAAAAAAAAAAAAAAAAAAAAAAAAAAAAAAAAAAAAAAAAAAAAA
--AAAAAAAAAAAAAAAAAAAAAAAAAAAAAAAAAAAAAAAAAAAAAAAAAAAAAAAAAAAAAAAAAAAAAAAAAAAA
--AAAAAAAAAAAAAAD8LtlFAAAAAXRSTlMAQObYZgAAABZ0RVh0U29mdHdhcmUAZ2lmMnBuZyAyLjAu
--MT1evmgAAAIISURBVHicY2CAg/8QwIABmJhZWFnZ2Dk4MaU5uLh5eHn5+LkFBDlQJf8zC/EIi4iK
--iUtI8koJScsgyf5nlpWTV1BUUlZRVVPX4NFk1UJIyghp6+jq6RsYGhmbKJgK85mZW8Dk/rNaSlhZ
--29ja2Ts4Ojkr6Li4urFDNf53N/Ow8vTy9vH18w8IDAoWDQkNC4+ASP5ni4wKio6JjYtPSExKTnFW
--SE1LF4A69n9GZlZ2Tm5efkFhUXFySWlZlEd5RSVY7j+TkGRVdU1tXX1DY1Ozcktpa1t7h2YnOAj+
--d7l1tyo79vT29SdNSJ44SbFVdHIo9xSIHNPUaWqTpifNSJrZnK00S0U1a/acUG5piNz/uXLzVJ2q
--m6dXz584S2WB1cJFi5cshZr539xVftnyFKUVTi2TVjqvyhJLXb1m7TqoHPt6F/HW0g0bN63crGqV
--tWXrtu07BJihcsw71+zanRW8Z89eq337RQ/Ip60xO3gIElX/LbikDm8T36KwbNmRo7O3zpHkPSZw
--HBqL//8flz1x2OOkyKJTi7aqbzutfUZI2gIuF8F2lr/D5dw2+fZdwpl8YVOlI+CJ4/9/joOyYed5
--QzMvhGqnm2V0WiClm///D0lfXHtJ6vLlK9w7rx7vQk5SQJbFtSms1y9evXid7QZacgOxmSxktNzd
--tSwwU+J/VICaCPFIYU3XAJhIOtjf5sfyAAAAJXRFWHRDb21tZW50AGNsaXAyZ2lmIHYuMC42IGJ5
--IFl2ZXMgUGlndWV0NnM7vAAAAABJRU5ErkJggg==
--
--
###############################
/home/mainak/Documents/Course_CzechRepublic/SecureCodingAndPractises_PA193/project/Project-Part2/MimeParser-master/parserCore/test/good/m0018.txt
###############################
Content-Type: 
From: "Doug Sauder" <doug@example.com>
To: "Joe Blow" <jblow@example.com>
Subject: Test message from Microsoft Outlook 00
Date: Wed, 17 May 2000 19:58:13 -0400
Message-ID: <NDBBIAKOPKHFGPLCODIGIEKGCHAA.doug@example.com>
X-Priority: 3 (Normal)
X-MSMail-Priority: Normal
X-Mailer: Microsoft Outlook IMO, Build 9.0.2416 (9.0.2910.0)
Importance: Normal
X-MimeOLE: Produced By Microsoft MimeOLE V5.00.2314.1300


The Hare and the Tortoise

A HARE one day ridiculed the short feet and slow pace of the Tortoise, who
replied, laughing:  "Though you be swift as the wind, I will beat you in a
race."  The Hare, believing her assertion to be simply impossible, assented
to the proposal; and they agreed that the Fox should choose the course and
fix the goal.  On the day appointed for the race the two started together.
The Tortoise never for a moment stopped, but went on with a slow but steady
pace straight to the end of the course.  The Hare, lying down by the
wayside, fell fast asleep.  At last waking up, and moving as fast as he
could, he saw the Tortoise had reached the goal, and was comfortably dozing
after her fatigue.

Slow but steady wins the race.


begin 666 blueball.png
MB5!.1PT*&@H````-24A$4@```!L````;" ,```"Z"@1G```#`%!,5$7___\`
M``@``! ``!@`````""D`$$(`$$H`"#$`$%(((7,(*7L(*80((6L`&%H`"#D(
M(6,0.9P80J480JT80K40.:40,90`&%(0,8PI4K4Y8\8Y8\XI6LX82LX80LX8
M0KU":\9[G-:<O=Z,M=YCE.<Q:]XA4MX82M880L80,:4``"'.Y^_G[^^<QN]2
MA.\I6N<0.:U*>\ZMSMZESN]:C.\0,9Q:A-:MUN?.[^^,O>]*>^\8.:482L:,
MO>>UY^^4O>\``"E:C.=SI>]KG.\(*8PQ8^\I6N\((7L`````````````````
M````````````````````````````````````````````````````````````
M````````````````````````````````````````````````````````````
M````````````````````````````````````````````````````````````
M````````````````````````````````````````````````````````````
M````````````````````````````````````````````````````````````
M````````````````````````````````````````````````````````````
M````````````````````````````````````````````````````````````
M````````````````````````````````````````````````````````````
M````````````````````````````````````````````````````````````
M````````````````````````````````````````````````````````````
M````````````````````````````````````````````````````````````
M``````````````````````````````````````````````````````````#!
M,@U5`````7123E,`0.;89@```!9T15AT4V]F='=A<F4`9VEF,G!N9R R+C N
M,3U>OF@```&(241!5'B<==)M5YLP& ;@$DZ )A!2DX;,"4RG!2+:JHO;K&_;
M?/G_ORA[TE;LL<>;+YQSG3LAY!F-A@0H1"APHYT$.(HA48+#CXS'A*80DK$H
M0=OH<DXG>T(*,54I*9+0#>J23(LO^U\/RJJ64PV(!L1,[WT[//I^?#)K6MGI
M+#)O>P8QG>P?GO:G9^?SIFP7BC"\*;J$:W%QV??]U8]Y4]7"4I:#>0PB,I'7
M/_O^U^^;65/60H&%:PMCNKR]OKN_?_"U5B[>S3T66I0'?_[^N_&[U:+3A*_,
MC1QF3Z*=S9]?&D]R:M,L3@9+EW75@%1 "ZLIC_UW>GLLJ)5M65:W-=!2:<+\
M^59F8J*F==U"28H.B,.2&PMSEJJE%%(N.JOT:U9$9K4D6("++%6VZZRU*O6$
MUS5_B# 'U$HIG5+"BR@9"(HF'W-"*7TEG(^!UBNNS"&3QP7CG#.X=[-I;7XV
M8))'D!PF`FV3QP`9@XT)W^7M;OUK@. 9P&T-Q6ZVI^E3^8B[X[L#_P$45,S8
MF6D.OP```"5T15AT0V]M;65N= !C;&EP,F=I9B!V+C N-B!B>2!9=F5S(%!I
49W5E=#9S.[P`````245.1*Y"8((`
`
end

begin 666 greenball.png
MB5!.1PT*&@H````-24A$4@```!L````;" ,```"Z"@1G```#`%!,5$7___\`
M````$ ``& ``(0``" ``,0``0@``4@``6@``2@`(8P`(<P`(>P`0C `(:P``
M.0``8P`0E `0G `AI0`0I0`AK0!"O1ACQC%CQCE2QB$IS@`8O0`0K0`8K0`A
MO0"4UF.MUGN$UE)*WA@AU@`8Q@`8M0``*0!"SA#.YY3>YZW&YY24YV-2YR$A
MW@`8S@!2WB&<YVO6[YR][XR$[U)"[Q"M[WNEWG-:[RDAYP`8U@`QYP!2[R%K
M[SE*[Q@IYP`I[P`Q[P`(A `0M0``````````````````````````````````
M````````````````````````````````````````````````````````````
M````````````````````````````````````````````````````````````
M````````````````````````````````````````````````````````````
M````````````````````````````````````````````````````````````
M````````````````````````````````````````````````````````````
M````````````````````````````````````````````````````````````
M````````````````````````````````````````````````````````````
M````````````````````````````````````````````````````````````
M````````````````````````````````````````````````````````````
M````````````````````````````````````````````````````````````
M````````````````````````````````````````````````````````````
M```````````````````````````````````````````````````````````I
MU?G9`````7123E,`0.;89@```!9T15AT4V]F='=A<F4`9VEF,G!N9R R+C N
M,3U>OF@```%M241!5'B<==)M5\(@% =P#VS(@,$$U^-<J=LH*^FYM"RS[_^9
MB+F'LRSOJYWS._<R^-]>KRU;5>]/60`]SX,0^'\8HC[&`29]Y('?:!&F+.2<
MAR(@R.NVVF@02C4<#N-8<H&C+B+*U<'AT?'):3**.<,(M@8Q3\].SL?CR33+
M"\4%T<V9-F*JN)A<SJZN;^8F25481%Y]&>#:LMN[^]G#XU-FDB)VC<V)WD 6
M9]/KYY?'U\72F1N*4374:J'R[.U]M?KX-%E>_PW8#K614(E9K+_6\Z7)DR)5
M&]$:$C(QV7R9F9)&BH>4:+^V`8\38\HF1ZGD+*AN[TSC4*5)7LIWJN2V#52)
M6-AWSS)*"R>Q(T9Q!/W:?$T$ERJ.E9)RP\KW!$V2%B)"RQ XWX2"D@ZY1A=>
M0!EC0M"@W]+6K ]T1##&U$6K84.VWA,`-4*11EZU$YV]<1^^#V&Y+*TTV=K_
MJK<?N]NT5W;QG_7=A1_-8>>-T@@L+ ```"5T15AT0V]M;65N= !C;&EP,F=I
F9B!V+C N-B!B>2!9=F5S(%!I9W5E=#9S.[P`````245.1*Y"8((`
`
end

begin 666 redball.png
MB5!.1PT*&@H````-24A$4@```!L````;" ,```"Z"@1G```#`%!,5$7___\`
M```!```+```5```:```7```1```*```#```<```R``!$``!-``!(```]```C
M```6```F``!A``![``"&``"'``!]``!T``!@```Y```4```&```G``!+``!O
M``"0``"E``"[``"_``"K``"A``",``!S``!;```N```(``!,``!W``"9``"T
M&1G*.#C5/3W;*2G=!06X``"H``!Y```Q```8```$``!%``":``"[)"3186'?
MA(3F?W_F5E;J'Q_2``"Y``"C``!=``!"```H```)``!G``"Z#P_05%3>DY/E
MK*SIF9GM967O)277``#!``"Q``"<``!M``!3```V```;```%``!*``"!``#+
M("#=9V?HG)SKIJ;MBHKO45'O%!31``##``"V``!X``!>``! ```B``!7``"2
M``#"``#:&QOH557L>'CO>'CO5U?O)B;A``#.``"W``"G``"5``!'```K```/
M``"=``#%``#A!07K*"CO/#SO-37O&QOC``#0``#)``"U``"7``"$``!L``!/
M```2```"``!B``#I``#O`@+G``#8``#+``"Z``"P``!P```3```D``!8``#(
M``#3``#-``"S``"#``!N```>``!^``# ``"D``"-``!_``!I``!0```P``"1
M``"I``"\``"J``";``!E``!)```J```.```T``"L``"O``"M``"F``")``!Z
M``!K``!:```^```I``!J``""``"?``">``"6``"/``!\```9```'``!5``".
M``"*```X```0```_``!R``" ``!<```W```L``!F``!#``!6```@```S```\
M```Z```?```,```=```-````````````````````````````````````````
M````````````````````````````````````````````````````````````
M``````````````````````````````````````````````````````````#\
M+ME%`````7123E,`0.;89@```!9T15AT4V]F='=A<F4`9VEF,G!N9R R+C N
M,3U>OF@```((241!5'B<8V" @_\0P( !F)A96%G9V#DX,:4YN+AY>'GY^+D%
M!#E0)?\S"_$(BXB*B4M(\DH)2<L@R?YGEI635U!44E9155/7X-%DU4)(R@AI
MZ^CJZ1L8&AF;*)@*\YF96\#D_K-:2EA9V]C:V3LX.CDKZ+BXNK%#-?YW-_.P
M\O3R]O'U\P\(# H6#0D-"X^ 2/YGBXP*BHZ)C8M/2$Q*3G%62$U+%X Z]G]&
M9E9V3FY>?D%A47%R26E9E$=Y1258[C^3D&15=4UM77U#8U.S<DMI:UM[AV8G
M. C^=[EUMRH[]O3V]2=-2)XX2;%5='(H]Q2('-/4:6J3IB?-2)K9G*TT2T4U
M:_:<4&YIB-S_N7+S5)VJFZ=7SY\X2V6!U<)%BY<LA9KYW]Q5?MGR%*453BV3
M5CJORA)+7;UF[3JH'/MZ%_'6T@T;-ZW<K&J5M67KMNT[!)BA<LP[U^S:G16\
M9\]>JWW[10_(IZTQ.W@($E7_+;BD#F\3WZ*P;-F1H[.WSI'D/29P'!J+__\?
MESUQV..DR*)3B[:J;SNM?49(V@(N%\%VEK_#Y=PV^?9=PIE\85.E(^")X_]_
MCH.R8>=Y0S,OA&JGFV5T6B"EF___#TE?7'M)ZO+E*]P[KQ[O0DY20);%M2FL
MUR]>O7B=[09:<@.QF2QDM-S=M2PP4^)_5(":"/%(84W7`)A(.MC?YL?R````
M)71%6'1#;VUM96YT`&-L:7 R9VEF('8N,"XV(&)Y(%EV97,@4&EG=65T-G,[
-O ````!)14Y$KD)@@@``
`
end

[       OK ] good.GoodOne (58 ms)
[ RUN      ] good.GoodTwo
###############################
/home/mainak/Documents/Course_CzechRepublic/SecureCodingAndPractises_PA193/project/Project-Part2/MimeParser-master/parserCore/test/good/m1001.txt
###############################
Content-Type: text/plain; charset=iso-8859-1
Message-ID: <3923561C.B7078DEF@example.com>
Date: Wed, 17 May 2000 22:31:57 -0400
From: Doug Sauder <dwsauder@example.com>
X-Mailer: Mozilla 4.7 [en] (WinNT; I)
X-Accept-Language: en
MIME-Version: 1.0
To: =?iso-8859-1?Q?J=FCrgen=20Schm=FCrgen?= <schmuergen@example.com>
Subject: Die Hasen und die =?iso-8859-1?Q?Fr=F6sche?= (Netscape Communicator 4.7)
Content-Transfer-Encoding: quoted-printable

Die Hasen und die Fr=F6sche

Die Hasen klagten einst =FCber ihre mi=DFliche Lage; "wir leben", sprach =
ein
Redner, "in steter Furcht vor Menschen und Tieren, eine Beute der Hunde,
der Adler, ja fast aller Raubtiere! Unsere stete Angst ist =E4rger als de=
r
Tod selbst. Auf, la=DFt uns ein f=FCr allemal sterben."

In einem nahen Teich wollten sie sich nun ers=E4ufen; sie eilten ihm zu;
allein das au=DFerordentliche Get=F6se und ihre wunderbare Gestalt
erschreckte eine Menge Fr=F6sche, die am Ufer sa=DFen, so sehr, da=DF sie=
 aufs
schnellste untertauchten.

"Halt", rief nun eben dieser Sprecher, "wir wollen das Ers=E4ufen noch ei=
n
wenig aufschieben, denn auch uns f=FCrchten, wie ihr seht, einige Tiere,
welche also wohl noch ungl=FCcklicher sein m=FCssen als wir."



###############################
/home/mainak/Documents/Course_CzechRepublic/SecureCodingAndPractises_PA193/project/Project-Part2/MimeParser-master/parserCore/test/good/m1002.txt
###############################
 boundary="------------9D454F23DA86BCD63FA3805F"
Content-Type: multipart/alternative;
Message-ID: <392359CF.DFF4527@example.com>
Date: Wed, 17 May 2000 22:47:43 -0400
From: Doug Sauder <dwsauder@example.com>
X-Mailer: Mozilla 4.7 [en] (WinNT; I)
X-Accept-Language: en
MIME-Version: 1.0
To: Heinz =?iso-8859-1?Q?M=FCller?= <mueller@example.com>
Subject: Die Hasen und die =?iso-8859-1?Q?Fr=F6sche?= (Netscape Communicator 4.7)



--Content-Type: text/plain; charset=iso-8859-1
--Content-Transfer-Encoding: quoted-printable
--
--Die Hasen und die Fr=F6sche
--
--Die Hasen klagten einst =FCber ihre mi=DFliche Lage; "wir leben", sprach =
--ein
--Redner, "in steter Furcht vor Menschen und Tieren, eine Beute der Hunde,
--der Adler, ja fast aller Raubtiere! Unsere stete Angst ist =E4rger als de=
--r
--Tod selbst. Auf, la=DFt uns ein f=FCr allemal sterben."
--
--In einem nahen Teich wollten sie sich nun ers=E4ufen; sie eilten ihm zu;
--allein das au=DFerordentliche Get=F6se und ihre wunderbare Gestalt
--erschreckte eine Menge Fr=F6sche, die am Ufer sa=DFen, so sehr, da=DF sie=
-- aufs
--schnellste untertauchten.
--
--"Halt", rief nun eben dieser Sprecher, "wir wollen das Ers=E4ufen noch ei=
--n
--wenig aufschieben, denn auch uns f=FCrchten, wie ihr seht, einige Tiere,
--welche also wohl noch ungl=FCcklicher sein m=FCssen als wir."
--
--
--
--
--Content-Type: text/html; charset=us-ascii
--Content-Transfer-Encoding: 7bit
--
--<!doctype html public "-//w3c//dtd html 4.0 transitional//en">
--<html>
--<b>Die Hasen und die Fr&ouml;sche</b>
--<p>Die Hasen klagten einst &uuml;ber ihre mi&szlig;liche Lage; "wir leben",
--sprach ein Redner, "in steter Furcht vor Menschen und Tieren, eine Beute
--der Hunde, der Adler, ja fast aller Raubtiere! Unsere stete Angst ist &auml;rger
--als der Tod selbst. Auf, la&szlig;t uns ein f&uuml;r allemal sterben."
--<p>In einem nahen Teich wollten sie sich nun ers&auml;ufen; sie eilten
--ihm zu; allein das au&szlig;erordentliche Get&ouml;se und ihre wunderbare
--Gestalt erschreckte eine Menge Fr&ouml;sche, die am Ufer sa&szlig;en, so
--sehr, da&szlig; sie aufs schnellste untertauchten.
--<p>"Halt", rief nun eben dieser Sprecher, "wir wollen das Ers&auml;ufen
--noch ein wenig aufschieben, denn auch uns f&uuml;rchten, wie ihr seht,
--einige Tiere, welche also wohl noch ungl&uuml;cklicher sein m&uuml;ssen
--als wir."
--<br>&nbsp;
--<br>&nbsp;</html>
--
--
###############################
/home/mainak/Documents/Course_CzechRepublic/SecureCodingAndPractises_PA193/project/Project-Part2/MimeParser-master/parserCore/test/good/m1003.txt
###############################
 boundary="------------A1FCDEE154E03D875E5D6779"
Content-Type: multipart/mixed;
Message-ID: <39235E1C.1DC7EA90@example.com>
Date: Wed, 17 May 2000 23:06:04 -0400
From: Doug Sauder <dwsauder@example.com>
X-Mailer: Mozilla 4.7 [en] (WinNT; I)
X-Accept-Language: en
MIME-Version: 1.0
To: Joe Blow <blow@example.com>
Subject: Test message from Netscape Communicator 4.7

This is a multi-part message in MIME format.

--Content-Type: text/plain; charset=iso-8859-1
--Content-Transfer-Encoding: quoted-printable
--
--Die Hasen und die Fr=F6sche
--
--Die Hasen klagten einst =FCber ihre mi=DFliche Lage; "wir leben", sprach =
--ein
--Redner, "in steter Furcht vor Menschen und Tieren, eine Beute der Hunde,
--der Adler, ja fast aller Raubtiere! Unsere stete Angst ist =E4rger als de=
--r
--Tod selbst. Auf, la=DFt uns ein f=FCr allemal sterben."
--
--In einem nahen Teich wollten sie sich nun ers=E4ufen; sie eilten ihm zu;
--allein das au=DFerordentliche Get=F6se und ihre wunderbare Gestalt
--erschreckte eine Menge Fr=F6sche, die am Ufer sa=DFen, so sehr, da=DF sie=
-- aufs
--schnellste untertauchten.
--
--"Halt", rief nun eben dieser Sprecher, "wir wollen das Ers=E4ufen noch ei=
--n
--wenig aufschieben, denn auch uns f=FCrchten, wie ihr seht, einige Tiere,
--welche also wohl noch ungl=FCcklicher sein m=FCssen als wir."
--
--
--
--
--Content-Type: image/png;
-- name="redball.png"
--Content-Transfer-Encoding: base64
--Content-Disposition: inline;
-- filename="redball.png"
--
--iVBORw0KGgoAAAANSUhEUgAAABsAAAAbCAMAAAC6CgRnAAADAFBMVEX///8AAAABAAALAAAV
--AAAaAAAXAAARAAAKAAADAAAcAAAyAABEAABNAABIAAA9AAAjAAAWAAAmAABhAAB7AACGAACH
--AAB9AAB0AABgAAA5AAAUAAAGAAAnAABLAABvAACQAAClAAC7AAC/AACrAAChAACMAABzAABb
--AAAuAAAIAABMAAB3AACZAAC0GRnKODjVPT3bKSndBQW4AACoAAB5AAAxAAAYAAAEAABFAACa
--AAC7JCTRYWHfhITmf3/mVlbqHx/SAAC5AACjAABdAABCAAAoAAAJAABnAAC6Dw/QVFTek5Pl
--rKzpmZntZWXvJSXXAADBAACxAACcAABtAABTAAA2AAAbAAAFAABKAACBAADLICDdZ2fonJzr
--pqbtiorvUVHvFBTRAADDAAC2AAB4AABeAABAAAAiAABXAACSAADCAADaGxvoVVXseHjveHjv
--V1fvJibhAADOAAC3AACnAACVAABHAAArAAAPAACdAADFAADhBQXrKCjvPDzvNTXvGxvjAADQ
--AADJAAC1AACXAACEAABsAABPAAASAAACAABiAADpAADvAgLnAADYAADLAAC6AACwAABwAAAT
--AAAkAABYAADIAADTAADNAACzAACDAABuAAAeAAB+AADAAACkAACNAAB/AABpAABQAAAwAACR
--AACpAAC8AACqAACbAABlAABJAAAqAAAOAAA0AACsAACvAACtAACmAACJAAB6AABrAABaAAA+
--AAApAABqAACCAACfAACeAACWAACPAAB8AAAZAAAHAABVAACOAACKAAA4AAAQAAA/AAByAACA
--AABcAAA3AAAsAABmAABDAABWAAAgAAAzAAA8AAA6AAAfAAAMAAAdAAANAAAAAAAAAAAAAAAA
--AAAAAAAAAAAAAAAAAAAAAAAAAAAAAAAAAAAAAAAAAAAAAAAAAAAAAAAAAAAAAAAAAAAAAAAA
--AAAAAAAAAAAAAAAAAAAAAAAAAAAAAAAAAAAAAAAAAAAAAAAAAAAAAAAAAAAAAAAAAAAAAAD8
--LtlFAAAAAXRSTlMAQObYZgAAABZ0RVh0U29mdHdhcmUAZ2lmMnBuZyAyLjAuMT1evmgAAAII
--SURBVHicY2CAg/8QwIABmJhZWFnZ2Dk4MaU5uLh5eHn5+LkFBDlQJf8zC/EIi4iKiUtI8koJ
--Scsgyf5nlpWTV1BUUlZRVVPX4NFk1UJIyghp6+jq6RsYGhmbKJgK85mZW8Dk/rNaSlhZ29ja
--2Ts4Ojkr6Li4urFDNf53N/Ow8vTy9vH18w8IDAoWDQkNC4+ASP5ni4wKio6JjYtPSExKTnFW
--SE1LF4A69n9GZlZ2Tm5efkFhUXFySWlZlEd5RSVY7j+TkGRVdU1tXX1DY1Ozcktpa1t7h2Yn
--OAj+d7l1tyo79vT29SdNSJ44SbFVdHIo9xSIHNPUaWqTpifNSJrZnK00S0U1a/acUG5piNz/
--uXLzVJ2qm6dXz584S2WB1cJFi5cshZr539xVftnyFKUVTi2TVjqvyhJLXb1m7TqoHPt6F/HW
--0g0bN63crGqVtWXrtu07BJihcsw71+zanRW8Z89eq337RQ/Ip60xO3gIElX/LbikDm8T36Kw
--bNmRo7O3zpHkPSZwHBqL//8flz1x2OOkyKJTi7aqbzutfUZI2gIuF8F2lr/D5dw2+fZdwpl8
--YVOlI+CJ4/9/joOyYed5QzMvhGqnm2V0WiClm///D0lfXHtJ6vLlK9w7rx7vQk5SQJbFtSms
--1y9evXid7QZacgOxmSxktNzdtSwwU+J/VICaCPFIYU3XAJhIOtjf5sfyAAAAJXRFWHRDb21t
--ZW50AGNsaXAyZ2lmIHYuMC42IGJ5IFl2ZXMgUGlndWV0NnM7vAAAAABJRU5ErkJggg==
--
--Content-Type: image/png;
-- name="greenball.png"
--Content-Transfer-Encoding: base64
--Content-Disposition: inline;
-- filename="greenball.png"
--
--iVBORw0KGgoAAAANSUhEUgAAABsAAAAbCAMAAAC6CgRnAAADAFBMVEX///8AAAAAEAAAGAAA
--IQAACAAAMQAAQgAAUgAAWgAASgAIYwAIcwAIewAQjAAIawAAOQAAYwAQlAAQnAAhpQAQpQAh
--rQBCvRhjxjFjxjlSxiEpzgAYvQAQrQAYrQAhvQCU1mOt1nuE1lJK3hgh1gAYxgAYtQAAKQBC
--zhDO55Te563G55SU52NS5yEh3gAYzgBS3iGc52vW75y974yE71JC7xCt73ul3nNa7ykh5wAY
--1gAx5wBS7yFr7zlK7xgp5wAp7wAx7wAIhAAQtQAAAAAAAAAAAAAAAAAAAAAAAAAAAAAAAAAA
--AAAAAAAAAAAAAAAAAAAAAAAAAAAAAAAAAAAAAAAAAAAAAAAAAAAAAAAAAAAAAAAAAAAAAAAA
--AAAAAAAAAAAAAAAAAAAAAAAAAAAAAAAAAAAAAAAAAAAAAAAAAAAAAAAAAAAAAAAAAAAAAAAA
--AAAAAAAAAAAAAAAAAAAAAAAAAAAAAAAAAAAAAAAAAAAAAAAAAAAAAAAAAAAAAAAAAAAAAAAA
--AAAAAAAAAAAAAAAAAAAAAAAAAAAAAAAAAAAAAAAAAAAAAAAAAAAAAAAAAAAAAAAAAAAAAAAA
--AAAAAAAAAAAAAAAAAAAAAAAAAAAAAAAAAAAAAAAAAAAAAAAAAAAAAAAAAAAAAAAAAAAAAAAA
--AAAAAAAAAAAAAAAAAAAAAAAAAAAAAAAAAAAAAAAAAAAAAAAAAAAAAAAAAAAAAAAAAAAAAAAA
--AAAAAAAAAAAAAAAAAAAAAAAAAAAAAAAAAAAAAAAAAAAAAAAAAAAAAAAAAAAAAAAAAAAAAAAA
--AAAAAAAAAAAAAAAAAAAAAAAAAAAAAAAAAAAAAAAAAAAAAAAAAAAAAAAAAAAAAAAAAAAAAAAA
--AAAAAAAAAAAAAAAAAAAAAAAAAAAAAAAAAAAAAAAAAAAAAAAAAAAAAAAAAAAAAAAAAAAAAAAA
--AAAAAAAAAAAAAAAAAAAAAAAAAAAAAAAAAAAAAAAAAAAAAAAAAAAAAAAAAAAAAAAAAAAAAAAp
--1fnZAAAAAXRSTlMAQObYZgAAABZ0RVh0U29mdHdhcmUAZ2lmMnBuZyAyLjAuMT1evmgAAAFt
--SURBVHicddJtV8IgFAdwD2zIgMEE1+NcqdsoK+m5tCyz7/+ZiLmHsyzvq53zO/cy+N9ery1b
--Ve9PWQA9z4MQ+H8Yoj7GASZ95IHfaBGmLOSchyIgyOu22mgQSjUcDuNYcoGjLiLK1cHh0fHJ
--aTKKOcMItgYxT89OzsfjyTTLC8UF0c2ZNmKquJhczq6ub+YmSVUYRF59GeDastu7+9nD41Nm
--kiJ2jc2J3kAWZ9Pr55fH18XSmRuKUTXUaqHy7O19tfr4NFle/w3YDrWRUIlZrL/W86XJkyJV
--G9EaEjIx2XyZmZJGioeUaL+2AY8TY8omR6nkLKhu70zjUKVJXsp3quS2DVSJWNh3zzJKCyex
--I0ZxBP3afE0ElyqOlZJyw8r3BE2SFiJCyxA434SCkg65RhdeQBljQtCg39LWrA90RDDG1EWr
--YUO23hMANUKRRl61E529cR++D2G5LK002dr/qrcfu9u0V3bxn/XdhR/NYeeN0ggsLAAAACV0
--RVh0Q29tbWVudABjbGlwMmdpZiB2LjAuNiBieSBZdmVzIFBpZ3VldDZzO7wAAAAASUVORK5C
--YII=
--
--Content-Type: image/png;
-- name="blueball.png"
--Content-Transfer-Encoding: base64
--Content-Disposition: inline;
-- filename="blueball.png"
--
--iVBORw0KGgoAAAANSUhEUgAAABsAAAAbCAMAAAC6CgRnAAADAFBMVEX///8AAAgAABAAABgA
--AAAACCkAEEIAEEoACDEAEFIIIXMIKXsIKYQIIWsAGFoACDkIIWMQOZwYQqUYQq0YQrUQOaUQ
--MZQAGFIQMYwpUrU5Y8Y5Y84pWs4YSs4YQs4YQr1Ca8Z7nNacvd6Mtd5jlOcxa94hUt4YStYY
--QsYQMaUAACHO5+/n7++cxu9ShO8pWucQOa1Ke86tzt6lzu9ajO8QMZxahNat1ufO7++Mve9K
--e+8YOaUYSsaMvee15++Uve8AAClajOdzpe9rnO8IKYwxY+8pWu8IIXsAAAAAAAAAAAAAAAAA
--AAAAAAAAAAAAAAAAAAAAAAAAAAAAAAAAAAAAAAAAAAAAAAAAAAAAAAAAAAAAAAAAAAAAAAAA
--AAAAAAAAAAAAAAAAAAAAAAAAAAAAAAAAAAAAAAAAAAAAAAAAAAAAAAAAAAAAAAAAAAAAAAAA
--AAAAAAAAAAAAAAAAAAAAAAAAAAAAAAAAAAAAAAAAAAAAAAAAAAAAAAAAAAAAAAAAAAAAAAAA
--AAAAAAAAAAAAAAAAAAAAAAAAAAAAAAAAAAAAAAAAAAAAAAAAAAAAAAAAAAAAAAAAAAAAAAAA
--AAAAAAAAAAAAAAAAAAAAAAAAAAAAAAAAAAAAAAAAAAAAAAAAAAAAAAAAAAAAAAAAAAAAAAAA
--AAAAAAAAAAAAAAAAAAAAAAAAAAAAAAAAAAAAAAAAAAAAAAAAAAAAAAAAAAAAAAAAAAAAAAAA
--AAAAAAAAAAAAAAAAAAAAAAAAAAAAAAAAAAAAAAAAAAAAAAAAAAAAAAAAAAAAAAAAAAAAAAAA
--AAAAAAAAAAAAAAAAAAAAAAAAAAAAAAAAAAAAAAAAAAAAAAAAAAAAAAAAAAAAAAAAAAAAAAAA
--AAAAAAAAAAAAAAAAAAAAAAAAAAAAAAAAAAAAAAAAAAAAAAAAAAAAAAAAAAAAAAAAAAAAAAAA
--AAAAAAAAAAAAAAAAAAAAAAAAAAAAAAAAAAAAAAAAAAAAAAAAAAAAAAAAAAAAAAAAAAAAAADB
--Mg1VAAAAAXRSTlMAQObYZgAAABZ0RVh0U29mdHdhcmUAZ2lmMnBuZyAyLjAuMT1evmgAAAGI
--SURBVHicddJtV5swGAbgEk6AJhBSk4bMCUynBSLaqovbrG/bfPn/vyh70lbsscebL5xznTsh
--5BmNhgQoRChwo50EOIohUYLDj4zHhKYQkrEoQdvock4ne0IKMVUpKZLQDeqSTIsv+18PyqqW
--Uw2IBsRM7307PPp+fDJrWtnpLDJvewYxnewfnvanZ+fzpmwXijC8KbqEa3Fx2ff91Y95U9XC
--UpaDeQwiMpHXP/v+1++bWVPWQoGFawtjury9vru/f/C1Vi7ezT0WWpQHf/7+u/G71aLThK/M
--jRxmT6KdzZ9fGk9yatMsTgZLl3XVgFRAC6spj/13enssqJVtWVa3NdBSacL8+VZmYqKmdd1C
--SYoOiMOSGwtzlqqlFFIuOqv0a1ZEZrUkWICLLFW266y1KvWE1zV/iDAH1EopnVLCiygZCIom
--H3NCKX0lnI+B1iuuzCGTxwXjnDO4d7NpbX42YJJHkBwmAm2TxwAZg40J3+Xtbv1rgOAZwG0N
--xW62p+lT+Yi747sD/wEUVMzYmWkOvwAAACV0RVh0Q29tbWVudABjbGlwMmdpZiB2LjAuNiBi
--eSBZdmVzIFBpZ3VldDZzO7wAAAAASUVORK5CYII=
--
###############################
/home/mainak/Documents/Course_CzechRepublic/SecureCodingAndPractises_PA193/project/Project-Part2/MimeParser-master/parserCore/test/good/m1004.txt
###############################
 boundary="------------C78F594988075E36AE03C243"
 boundary="------------D74AE2393FB01D1B284AE257"
Content-Type: multipart/mixed;
Message-ID: <39235EAD.E48E2160@example.com>
Date: Wed, 17 May 2000 23:08:29 -0400
From: Doug Sauder <dwsauder@example.com>
X-Mailer: Mozilla 4.7 [en] (WinNT; I)
X-Accept-Language: en
MIME-Version: 1.0
To: Joe Blow <blow@example.com>
Subject: Test message from Netscape Communicator 4.7

This is a multi-part message in MIME format.

--Content-Type: multipart/alternative;
--
--
--
--Content-Type: text/plain; charset=iso-8859-1
--Content-Transfer-Encoding: quoted-printable
--
--Die Hasen und die Fr=F6sche
--
--Die Hasen klagten einst =FCber ihre mi=DFliche Lage; "wir leben", sprach =
--ein
--Redner, "in steter Furcht vor Menschen und Tieren, eine Beute der Hunde,
--der Adler, ja fast aller Raubtiere! Unsere stete Angst ist =E4rger als de=
--r
--Tod selbst. Auf, la=DFt uns ein f=FCr allemal sterben."
--
--In einem nahen Teich wollten sie sich nun ers=E4ufen; sie eilten ihm zu;
--allein das au=DFerordentliche Get=F6se und ihre wunderbare Gestalt
--erschreckte eine Menge Fr=F6sche, die am Ufer sa=DFen, so sehr, da=DF sie=
-- aufs
--schnellste untertauchten.
--
--"Halt", rief nun eben dieser Sprecher, "wir wollen das Ers=E4ufen noch ei=
--n
--wenig aufschieben, denn auch uns f=FCrchten, wie ihr seht, einige Tiere,
[...]
--M96EL=&5N(&EH;2!Z=3L@86QL96EN(&1A<R!A==]E<F]R9&5N=&QI8VAE($=E
--M=/9S92!U;F0@:6AR92!W=6YD97)B87)E($=E<W1A;'0@97)S8VAR96-K=&4@
--M96EN92!-96YG92!&<O9S8VAE+"!D:64@86T@569E<B!S8=]E;BP@<V\@<V5H
--M<BP@9&'?('-I92!A=69S('-C:&YE;&QS=&4@=6YT97)T875C:'1E;BX@#0H-
--M"B)(86QT(BP@<FEE9B!N=6X@96)E;B!D:65S97(@4W!R96-H97(L(")W:7(@
--M=V]L;&5N(&1A<R!%<G/D=69E;B!N;V-H(&5I;B!W96YI9R!A=69S8VAI96)E
--M;BP@9&5N;B!A=6-H('5N<R!F_')C:'1E;BP@=VEE(&EH<B!S96AT+"!E:6YI
--M9V4@5&EE<F4L('=E;&-H92!A;'-O('=O:&P@;F]C:"!U;F=L_&-K;&EC:&5R
--;('-E:6X@;?QS<V5N(&%L<R!W:7(N(B`-"@T*
--`
--end
--
--
--Content-Type: text/plain; charset="us-ascii"
--Content-Disposition: attachment; filename="farmerandstork.txt"
--
--
--The Farmer and the Stork 
-- 
--A FARMER placed nets on his newly-sown plowlands and caught a
--number of Cranes, which came to pick up his seed.  With them he
--trapped a Stork that had fractured his leg in the net and was
--earnestly beseeching the Farmer to spare his life.  "Pray save
--me, Master," he said, "and let me go free this once.  My broken
--limb should excite your pity.  Besides, I am no Crane, I am a
--Stork, a bird of excellent character; and see how I love and
--slave for my father and mother.  Look too, at my feathers--
--they are not the least like those of a Crane."   The Farmer 
--laughed aloud and said, "It may be all as you say, I only know 
--this:  I have taken you with these robbers, the Cranes, and you 
--must die in their company."  
-- 
--Birds of a feather flock together.   
--
--
--
###############################
/home/mainak/Documents/Course_CzechRepublic/SecureCodingAndPractises_PA193/project/Project-Part2/MimeParser-master/parserCore/test/good/m2014.txt
###############################
Content-Type: text/plain; charset="iso-8859-1"; format=flowed
Message-Id: <4.2.0.58.20000519010441.00a8d140@pop.example.com>
X-Sender: dwsauder@pop.example.com (Unverified)
Disposition-Notification-To: <dwsauder@example.com>
X-Mailer: QUALCOMM Windows Eudora Pro Version 4.2.0.58 
X-Priority: 1 (Highest)
Date: Fri, 19 May 2000 01:06:18 -0400
To: =?iso-8859-1?Q?Jürgen?= =?iso-8859-1?Q?_Schmürgen?=
  <jschmuergen@example.com>
From: Doug Sauder <dwsauder@example.com>
Subject: =?iso-8859-1?Q?Die_Hasen_und_die_Frösche?=
Mime-Version: 1.0
Content-Transfer-Encoding: quoted-printable

Die Hasen und die Fr=F6sche

Die Hasen klagten einst =FCber ihre mi=DFliche Lage; "wir leben", sprach ein=
=20
Redner, "in steter Furcht vor Menschen und Tieren, eine Beute der Hunde,=20
der Adler, ja fast aller Raubtiere! Unsere stete Angst ist =E4rger als der=
=20
Tod selbst. Auf, la=DFt uns ein f=FCr allemal sterben."

In einem nahen Teich wollten sie sich nun ers=E4ufen; sie eilten ihm zu;=20
allein das au=DFerordentliche Get=F6se und ihre wunderbare Gestalt=
 erschreckte=20
eine Menge Fr=F6sche, die am Ufer sa=DFen, so sehr, da=DF sie aufs=
 schnellste=20
untertauchten.

"Halt", rief nun eben dieser Sprecher, "wir wollen das Ers=E4ufen noch ein=
=20
wenig aufschieben, denn auch uns f=FCrchten, wie ihr seht, einige Tiere,=20
welche also wohl noch ungl=FCcklicher sein m=FCssen als wir."



###############################
/home/mainak/Documents/Course_CzechRepublic/SecureCodingAndPractises_PA193/project/Project-Part2/MimeParser-master/parserCore/test/good/m2015.txt
###############################
Content-Type: text/plain; charset="iso-8859-1"
Message-Id: <4.2.0.58.20000519010842.00a8c7f0@pop.example.com>
X-Sender: dwsauder@pop.example.com (Unverified)
X-Mailer: QUALCOMM Windows Eudora Pro Version 4.2.0.58 
X-Priority: 1 (Highest)
Date: Fri, 19 May 2000 01:10:27 -0400
To: Heinz Müller <mueller@example.com>
From: Doug Sauder <dwsauder@example.com>
Subject: Die Hasen und die Frösche
Mime-Version: 1.0
Content-Transfer-Encoding: 8bit

Die Hasen und die Frösche

Die Hasen klagten einst über ihre mißliche Lage; "wir leben", sprach ein Redner, "in steter Furcht vor Menschen und Tieren, eine Beute der Hunde, der Adler, ja fast aller Raubtiere! Unsere stete Angst ist ärger als der Tod selbst. Auf, laßt uns ein für allemal sterben." 

In einem nahen Teich wollten sie sich nun ersäufen; sie eilten ihm zu; allein das außerordentliche Getöse und ihre wunderbare Gestalt erschreckte eine Menge Frösche, die am Ufer saßen, so sehr, daß sie aufs schnellste untertauchten. 

"Halt", rief nun eben dieser Sprecher, "wir wollen das Ersäufen noch ein wenig aufschieben, denn auch uns fürchten, wie ihr seht, einige Tiere, welche also wohl noch unglücklicher sein müssen als wir." 



###############################
/home/mainak/Documents/Course_CzechRepublic/SecureCodingAndPractises_PA193/project/Project-Part2/MimeParser-master/parserCore/test/good/m2016.txt
###############################
Content-Type: text/plain; charset="us-ascii"
Message-Id: <4.2.0.58.20000519011207.00a8cd70@pop.example.com>
X-Sender: dwsauder@pop.example.com (Unverified)
X-Mailer: QUALCOMM Windows Eudora Pro Version 4.2.0.58 
X-Priority: 5 (Lowest)
Date: Fri, 19 May 2000 01:13:19 -0400
To: Joe Blow <blow@example.com>
From: Doug Sauder <dwsauder@example.com>
Subject: The Hare and the Tortoise
Mime-Version: 1.0


The Hare and the Tortoise 
  
A HARE one day ridiculed the short feet and slow pace of the Tortoise, who replied, laughing:  "Though you be swift as the wind, I will beat you in a race."  The Hare, believing her assertion to be simply impossible, assented to the proposal; and they agreed that the Fox should choose the course and fix the goal.  On the day appointed for the race the two started together.  The Tortoise never for a moment stopped, but went on with a slow but steady pace straight to the end of the course.  The Hare, lying down by the wayside, fell fast asleep.  At last waking up, and moving as fast as he could, he saw the Tortoise had reached the goal, and was comfortably dozing after her fatigue.  
  
Slow but steady wins the race.  


[       OK ] good.GoodThree (35 ms)
[ RUN      ] good.GoodFour
###############################
/home/mainak/Documents/Course_CzechRepublic/SecureCodingAndPractises_PA193/project/Project-Part2/MimeParser-master/parserCore/test/good/m3001.txt
###############################
Content-Type: MULTIPART/MIXED; BOUNDARY="-1463757054-952513540-958744548=:8452"
Date: Fri, 19 May 2000 09:55:48 -0400 (EDT)
From: Doug Sauder <doug@penguin.example.com>
To: Joe Blow <blow@example.com>
Subject: Test message from PINE
Message-ID: <Pine.LNX.4.21.0005190951410.8452-102000@penguin.example.com>
MIME-Version: 1.0

  This message is in MIME format.  The first part should be readable text,
  while the remaining parts are likely unreadable without MIME-aware tools.
  Send mail to mime@docserver.cac.washington.edu for more info.

---1463757054-952513540-958744548=:8452
Content-Type: TEXT/PLAIN; charset=US-ASCII

This is a test message from PINE MUA.


---1463757054-952513540-958744548=:8452
Content-Type: APPLICATION/octet-stream; name="redball.png"
Content-Transfer-Encoding: BASE64
Content-ID: <Pine.LNX.4.21.0005190955480.8452@penguin.example.com>
Content-Description: A PNG graphic file
Content-Disposition: attachment; filename="redball.png"

iVBORw0KGgoAAAANSUhEUgAAABsAAAAbCAMAAAC6CgRnAAADAFBMVEX///8A
AAABAAALAAAVAAAaAAAXAAARAAAKAAADAAAcAAAyAABEAABNAABIAAA9AAAj
AAAWAAAmAABhAAB7AACGAACHAAB9AAB0AABgAAA5AAAUAAAGAAAnAABLAABv
AACQAAClAAC7AAC/AACrAAChAACMAABzAABbAAAuAAAIAABMAAB3AACZAAC0
GRnKODjVPT3bKSndBQW4AACoAAB5AAAxAAAYAAAEAABFAACaAAC7JCTRYWHf
hITmf3/mVlbqHx/SAAC5AACjAABdAABCAAAoAAAJAABnAAC6Dw/QVFTek5Pl
rKzpmZntZWXvJSXXAADBAACxAACcAABtAABTAAA2AAAbAAAFAABKAACBAADL
ICDdZ2fonJzrpqbtiorvUVHvFBTRAADDAAC2AAB4AABeAABAAAAiAABXAACS
AADCAADaGxvoVVXseHjveHjvV1fvJibhAADOAAC3AACnAACVAABHAAArAAAP
AACdAADFAADhBQXrKCjvPDzvNTXvGxvjAADQAADJAAC1AACXAACEAABsAABP
AAASAAACAABiAADpAADvAgLnAADYAADLAAC6AACwAABwAAATAAAkAABYAADI
AADTAADNAACzAACDAABuAAAeAAB+AADAAACkAACNAAB/AABpAABQAAAwAACR
AACpAAC8AACqAACbAABlAABJAAAqAAAOAAA0AACsAACvAACtAACmAACJAAB6
AABrAABaAAA+AAApAABqAACCAACfAACeAACWAACPAAB8AAAZAAAHAABVAACO
AACKAAA4AAAQAAA/AAByAACAAABcAAA3AAAsAABmAABDAABWAAAgAAAzAAA8
AAA6AAAfAAAMAAAdAAANAAAAAAAAAAAAAAAAAAAAAAAAAAAAAAAAAAAAAAAA
AAAAAAAAAAAAAAAAAAAAAAAAAAAAAAAAAAAAAAAAAAAAAAAAAAAAAAAAAAAA
AAAAAAAAAAAAAAAAAAAAAAAAAAAAAAAAAAAAAAAAAAAAAAAAAAAAAAAAAAD8
LtlFAAAAAXRSTlMAQObYZgAAABZ0RVh0U29mdHdhcmUAZ2lmMnBuZyAyLjAu
MT1evmgAAAIISURBVHicY2CAg/8QwIABmJhZWFnZ2Dk4MaU5uLh5eHn5+LkF
BDlQJf8zC/EIi4iKiUtI8koJScsgyf5nlpWTV1BUUlZRVVPX4NFk1UJIyghp
6+jq6RsYGhmbKJgK85mZW8Dk/rNaSlhZ29ja2Ts4Ojkr6Li4urFDNf53N/Ow
8vTy9vH18w8IDAoWDQkNC4+ASP5ni4wKio6JjYtPSExKTnFWSE1LF4A69n9G
ZlZ2Tm5efkFhUXFySWlZlEd5RSVY7j+TkGRVdU1tXX1DY1Ozcktpa1t7h2Yn
OAj+d7l1tyo79vT29SdNSJ44SbFVdHIo9xSIHNPUaWqTpifNSJrZnK00S0U1
a/acUG5piNz/uXLzVJ2qm6dXz584S2WB1cJFi5cshZr539xVftnyFKUVTi2T
VjqvyhJLXb1m7TqoHPt6F/HW0g0bN63crGqVtWXrtu07BJihcsw71+zanRW8
Z89eq337RQ/Ip60xO3gIElX/LbikDm8T36KwbNmRo7O3zpHkPSZwHBqL//8f
lz1x2OOkyKJTi7aqbzutfUZI2gIuF8F2lr/D5dw2+fZdwpl8YVOlI+CJ4/9/
joOyYed5QzMvhGqnm2V0WiClm///D0lfXHtJ6vLlK9w7rx7vQk5SQJbFtSms
1y9evXid7QZacgOxmSxktNzdtSwwU+J/VICaCPFIYU3XAJhIOtjf5sfyAAAA
JXRFWHRDb21tZW50AGNsaXAyZ2lmIHYuMC42IGJ5IFl2ZXMgUGlndWV0NnM7
vAAAAABJRU5ErkJggg==
---1463757054-952513540-958744548=:8452
Content-Type: APPLICATION/octet-stream; name="blueball.png"
Content-Transfer-Encoding: BASE64
Content-ID: <Pine.LNX.4.21.0005190955481.8452@penguin.example.com>
Content-Description: A PNG graphic file
Content-Disposition: attachment; filename="blueball.png"

iVBORw0KGgoAAAANSUhEUgAAABsAAAAbCAMAAAC6CgRnAAADAFBMVEX///8A
AAgAABAAABgAAAAACCkAEEIAEEoACDEAEFIIIXMIKXsIKYQIIWsAGFoACDkI
IWMQOZwYQqUYQq0YQrUQOaUQMZQAGFIQMYwpUrU5Y8Y5Y84pWs4YSs4YQs4Y
Qr1Ca8Z7nNacvd6Mtd5jlOcxa94hUt4YStYYQsYQMaUAACHO5+/n7++cxu9S
hO8pWucQOa1Ke86tzt6lzu9ajO8QMZxahNat1ufO7++Mve9Ke+8YOaUYSsaM
vee15++Uve8AAClajOdzpe9rnO8IKYwxY+8pWu8IIXsAAAAAAAAAAAAAAAAA
AAAAAAAAAAAAAAAAAAAAAAAAAAAAAAAAAAAAAAAAAAAAAAAAAAAAAAAAAAAA
AAAAAAAAAAAAAAAAAAAAAAAAAAAAAAAAAAAAAAAAAAAAAAAAAAAAAAAAAAAA
AAAAAAAAAAAAAAAAAAAAAAAAAAAAAAAAAAAAAAAAAAAAAAAAAAAAAAAAAAAA
AAAAAAAAAAAAAAAAAAAAAAAAAAAAAAAAAAAAAAAAAAAAAAAAAAAAAAAAAAAA
AAAAAAAAAAAAAAAAAAAAAAAAAAAAAAAAAAAAAAAAAAAAAAAAAAAAAAAAAAAA
AAAAAAAAAAAAAAAAAAAAAAAAAAAAAAAAAAAAAAAAAAAAAAAAAAAAAAAAAAAA
AAAAAAAAAAAAAAAAAAAAAAAAAAAAAAAAAAAAAAAAAAAAAAAAAAAAAAAAAAAA
AAAAAAAAAAAAAAAAAAAAAAAAAAAAAAAAAAAAAAAAAAAAAAAAAAAAAAAAAAAA
AAAAAAAAAAAAAAAAAAAAAAAAAAAAAAAAAAAAAAAAAAAAAAAAAAAAAAAAAAAA
AAAAAAAAAAAAAAAAAAAAAAAAAAAAAAAAAAAAAAAAAAAAAAAAAAAAAAAAAAAA
AAAAAAAAAAAAAAAAAAAAAAAAAAAAAAAAAAAAAAAAAAAAAAAAAAAAAAAAAAAA
AAAAAAAAAAAAAAAAAAAAAAAAAAAAAAAAAAAAAAAAAAAAAAAAAAAAAAAAAADB
Mg1VAAAAAXRSTlMAQObYZgAAABZ0RVh0U29mdHdhcmUAZ2lmMnBuZyAyLjAu
MT1evmgAAAGISURBVHicddJtV5swGAbgEk6AJhBSk4bMCUynBSLaqovbrG/b
fPn/vyh70lbsscebL5xznTsh5BmNhgQoRChwo50EOIohUYLDj4zHhKYQkrEo
Qdvock4ne0IKMVUpKZLQDeqSTIsv+18PyqqWUw2IBsRM7307PPp+fDJrWtnp
LDJvewYxnewfnvanZ+fzpmwXijC8KbqEa3Fx2ff91Y95U9XCUpaDeQwiMpHX
P/v+1++bWVPWQoGFawtjury9vru/f/C1Vi7ezT0WWpQHf/7+u/G71aLThK/M
jRxmT6KdzZ9fGk9yatMsTgZLl3XVgFRAC6spj/13enssqJVtWVa3NdBSacL8
+VZmYqKmdd1CSYoOiMOSGwtzlqqlFFIuOqv0a1ZEZrUkWICLLFW266y1KvWE
1zV/iDAH1EopnVLCiygZCIomH3NCKX0lnI+B1iuuzCGTxwXjnDO4d7NpbX42
YJJHkBwmAm2TxwAZg40J3+Xtbv1rgOAZwG0NxW62p+lT+Yi747sD/wEUVMzY
mWkOvwAAACV0RVh0Q29tbWVudABjbGlwMmdpZiB2LjAuNiBieSBZdmVzIFBp
Z3VldDZzO7wAAAAASUVORK5CYII=
---1463757054-952513540-958744548=:8452--

###############################
/home/mainak/Documents/Course_CzechRepublic/SecureCodingAndPractises_PA193/project/Project-Part2/MimeParser-master/parserCore/test/good/m3002.txt
###############################
Content-Type: TEXT/PLAIN; charset=iso-8859-1
Date: Fri, 19 May 2000 10:18:03 -0400 (EDT)
From: Doug Sauder <doug@penguin.example.com>
To: =?iso-8859-1?Q?J=FCrgen_Schm=FCrgen?= <schmuergen@example.com>
Subject: =?iso-8859-1?Q?Die_Hasen_und_die_Fr=F6sche?=
Message-ID: <Pine.LNX.4.21.0005191014500.8452-100000@penguin.example.com>
MIME-Version: 1.0
Content-Transfer-Encoding: QUOTED-PRINTABLE

Die Hasen und die Fr=F6sche

Die Hasen klagten einst =FCber ihre mi=DFliche Lage; "wir leben", sprach ei=
n Redner, "in steter Furcht vor Menschen und Tieren, eine Beute der Hunde, =
der Adler, ja fast aller Raubtiere! Unsere stete Angst ist =E4rger als der =
Tod selbst. Auf, la=DFt uns ein f=FCr allemal sterben."=20

In einem nahen Teich wollten sie sich nun ers=E4ufen; sie eilten ihm zu; al=
lein das au=DFerordentliche Get=F6se und ihre wunderbare Gestalt erschreckt=
e eine Menge Fr=F6sche, die am Ufer sa=DFen, so sehr, da=DF sie aufs schnel=
lste untertauchten.=20

"Halt", rief nun eben dieser Sprecher, "wir wollen das Ers=E4ufen noch ein =
wenig aufschieben, denn auch uns f=FCrchten, wie ihr seht, einige Tiere, we=
lche also wohl noch ungl=FCcklicher sein m=FCssen als wir."=20



###############################
/home/mainak/Documents/Course_CzechRepublic/SecureCodingAndPractises_PA193/project/Project-Part2/MimeParser-master/parserCore/test/good/m3003.txt
###############################
Content-Type: MULTIPART/MIXED; BOUNDARY="-1463757054-170444605-958746196=:8452"
Date: Fri, 19 May 2000 10:23:16 -0400 (EDT)
From: Doug Sauder <doug@penguin.example.com>
To: =?iso-8859-1?Q?Heinz_M=FCller?= <mueller@example.com>
Subject: PNG graphic
Message-ID: <Pine.LNX.4.21.0005191019440.8452-101000@penguin.example.com>
MIME-Version: 1.0

  This message is in MIME format.  The first part should be readable text,
  while the remaining parts are likely unreadable without MIME-aware tools.
  Send mail to mime@docserver.cac.washington.edu for more info.

---1463757054-170444605-958746196=:8452
Content-Type: TEXT/PLAIN; charset=US-ASCII


---1463757054-170444605-958746196=:8452
Content-Type: APPLICATION/octet-stream; name="redball.png"
Content-Transfer-Encoding: BASE64
Content-ID: <Pine.LNX.4.21.0005191023160.8452@penguin.example.com>
Content-Description: red ball
Content-Disposition: attachment; filename="redball.png"

iVBORw0KGgoAAAANSUhEUgAAABsAAAAbCAMAAAC6CgRnAAADAFBMVEX///8A
AAABAAALAAAVAAAaAAAXAAARAAAKAAADAAAcAAAyAABEAABNAABIAAA9AAAj
AAAWAAAmAABhAAB7AACGAACHAAB9AAB0AABgAAA5AAAUAAAGAAAnAABLAABv
AACQAAClAAC7AAC/AACrAAChAACMAABzAABbAAAuAAAIAABMAAB3AACZAAC0
GRnKODjVPT3bKSndBQW4AACoAAB5AAAxAAAYAAAEAABFAACaAAC7JCTRYWHf
hITmf3/mVlbqHx/SAAC5AACjAABdAABCAAAoAAAJAABnAAC6Dw/QVFTek5Pl
rKzpmZntZWXvJSXXAADBAACxAACcAABtAABTAAA2AAAbAAAFAABKAACBAADL
ICDdZ2fonJzrpqbtiorvUVHvFBTRAADDAAC2AAB4AABeAABAAAAiAABXAACS
AADCAADaGxvoVVXseHjveHjvV1fvJibhAADOAAC3AACnAACVAABHAAArAAAP
AACdAADFAADhBQXrKCjvPDzvNTXvGxvjAADQAADJAAC1AACXAACEAABsAABP
AAASAAACAABiAADpAADvAgLnAADYAADLAAC6AACwAABwAAATAAAkAABYAADI
AADTAADNAACzAACDAABuAAAeAAB+AADAAACkAACNAAB/AABpAABQAAAwAACR
AACpAAC8AACqAACbAABlAABJAAAqAAAOAAA0AACsAACvAACtAACmAACJAAB6
AABrAABaAAA+AAApAABqAACCAACfAACeAACWAACPAAB8AAAZAAAHAABVAACO
AACKAAA4AAAQAAA/AAByAACAAABcAAA3AAAsAABmAABDAABWAAAgAAAzAAA8
AAA6AAAfAAAMAAAdAAANAAAAAAAAAAAAAAAAAAAAAAAAAAAAAAAAAAAAAAAA
AAAAAAAAAAAAAAAAAAAAAAAAAAAAAAAAAAAAAAAAAAAAAAAAAAAAAAAAAAAA
AAAAAAAAAAAAAAAAAAAAAAAAAAAAAAAAAAAAAAAAAAAAAAAAAAAAAAAAAAD8
LtlFAAAAAXRSTlMAQObYZgAAABZ0RVh0U29mdHdhcmUAZ2lmMnBuZyAyLjAu
MT1evmgAAAIISURBVHicY2CAg/8QwIABmJhZWFnZ2Dk4MaU5uLh5eHn5+LkF
BDlQJf8zC/EIi4iKiUtI8koJScsgyf5nlpWTV1BUUlZRVVPX4NFk1UJIyghp
6+jq6RsYGhmbKJgK85mZW8Dk/rNaSlhZ29ja2Ts4Ojkr6Li4urFDNf53N/Ow
8vTy9vH18w8IDAoWDQkNC4+ASP5ni4wKio6JjYtPSExKTnFWSE1LF4A69n9G
ZlZ2Tm5efkFhUXFySWlZlEd5RSVY7j+TkGRVdU1tXX1DY1Ozcktpa1t7h2Yn
OAj+d7l1tyo79vT29SdNSJ44SbFVdHIo9xSIHNPUaWqTpifNSJrZnK00S0U1
a/acUG5piNz/uXLzVJ2qm6dXz584S2WB1cJFi5cshZr539xVftnyFKUVTi2T
VjqvyhJLXb1m7TqoHPt6F/HW0g0bN63crGqVtWXrtu07BJihcsw71+zanRW8
Z89eq337RQ/Ip60xO3gIElX/LbikDm8T36KwbNmRo7O3zpHkPSZwHBqL//8f
lz1x2OOkyKJTi7aqbzutfUZI2gIuF8F2lr/D5dw2+fZdwpl8YVOlI+CJ4/9/
joOyYed5QzMvhGqnm2V0WiClm///D0lfXHtJ6vLlK9w7rx7vQk5SQJbFtSms
1y9evXid7QZacgOxmSxktNzdtSwwU+J/VICaCPFIYU3XAJhIOtjf5sfyAAAA
JXRFWHRDb21tZW50AGNsaXAyZ2lmIHYuMC42IGJ5IFl2ZXMgUGlndWV0NnM7
vAAAAABJRU5ErkJggg==
---1463757054-170444605-958746196=:8452--

###############################
/home/mainak/Documents/Course_CzechRepublic/SecureCodingAndPractises_PA193/project/Project-Part2/MimeParser-master/parserCore/test/good/m3004.txt
###############################
Content-Type: MULTIPART/MIXED; BOUNDARY="-1463757054-891160829-958746372=:8452"
Date: Fri, 19 May 2000 10:26:12 -0400 (EDT)
From: Doug Sauder <doug@penguin.example.com>
To: Joe Blow <blow@example.com>, 
    =?iso-8859-1?Q?Heinz_M=FCller?= <mueller@example.com>
Subject: =?iso-8859-1?Q?Die_Hasen_und_die_Fr=F6sche?=
Message-ID: <Pine.LNX.4.21.0005191024380.8452-200000@penguin.example.com>
MIME-Version: 1.0

  This message is in MIME format.  The first part should be readable text,
  while the remaining parts are likely unreadable without MIME-aware tools.
  Send mail to mime@docserver.cac.washington.edu for more info.

---1463757054-891160829-958746372=:8452
Content-Type: TEXT/PLAIN; charset=US-ASCII


---1463757054-891160829-958746372=:8452
Content-Type: TEXT/PLAIN; charset=iso-8859-1; name*="iso-8859-1''HasenundFr%F6sche.txt"
Content-Transfer-Encoding: BASE64
Content-ID: <Pine.LNX.4.21.0005191026120.8452@penguin.example.com>
Content-Description: Short story in German
Content-Disposition: attachment; filename*="iso-8859-1''HasenundFr%F6sche.txt"

RGllIEhhc2VuIHVuZCBkaWUgRnL2c2NoZQ0NCg0NCkRpZSBIYXNlbiBrbGFn
dGVuIGVpbnN0IPxiZXIgaWhyZSBtad9saWNoZSBMYWdlOyAid2lyIGxlYmVu
Iiwgc3ByYWNoIGVpbiBSZWRuZXIsICJpbiBzdGV0ZXIgRnVyY2h0IHZvciBN
ZW5zY2hlbiB1bmQgVGllcmVuLCBlaW5lIEJldXRlIGRlciBIdW5kZSwgZGVy
IEFkbGVyLCBqYSBmYXN0IGFsbGVyIFJhdWJ0aWVyZSEgVW5zZXJlIHN0ZXRl
IEFuZ3N0IGlzdCDkcmdlciBhbHMgZGVyIFRvZCBzZWxic3QuIEF1ZiwgbGHf
dCB1bnMgZWluIGb8ciBhbGxlbWFsIHN0ZXJiZW4uIiANDQoNDQpJbiBlaW5l
bSBuYWhlbiBUZWljaCB3b2xsdGVuIHNpZSBzaWNoIG51biBlcnPkdWZlbjsg
c2llIGVpbHRlbiBpaG0genU7IGFsbGVpbiBkYXMgYXXfZXJvcmRlbnRsaWNo
ZSBHZXT2c2UgdW5kIGlocmUgd3VuZGVyYmFyZSBHZXN0YWx0IGVyc2NocmVj
a3RlIGVpbmUgTWVuZ2UgRnL2c2NoZSwgZGllIGFtIFVmZXIgc2HfZW4sIHNv
IHNlaHIsIGRh3yBzaWUgYXVmcyBzY2huZWxsc3RlIHVudGVydGF1Y2h0ZW4u
IA0NCg0NCiJIYWx0IiwgcmllZiBudW4gZWJlbiBkaWVzZXIgU3ByZWNoZXIs
ICJ3aXIgd29sbGVuIGRhcyBFcnPkdWZlbiBub2NoIGVpbiB3ZW5pZyBhdWZz
Y2hpZWJlbiwgZGVubiBhdWNoIHVucyBm/HJjaHRlbiwgd2llIGlociBzZWh0
LCBlaW5pZ2UgVGllcmUsIHdlbGNoZSBhbHNvIHdvaGwgbm9jaCB1bmds/GNr
bGljaGVyIHNlaW4gbfxzc2VuIGFscyB3aXIuIiANDQoNDQo=
---1463757054-891160829-958746372=:8452--

[       OK ] good.GoodFour (14 ms)
[----------] 4 tests from good (150 ms total)

[----------] Global test environment tear-down
[==========] 4 tests from 1 test case ran. (150 ms total)
[  PASSED  ] 4 tests.
<end of output>
Test time =   0.16 sec
----------------------------------------------------------
Test Passed.
"ParserTest" end time: Dec 06 16:45 CET
"ParserTest" time elapsed: 00:00:00
----------------------------------------------------------

2/2 Testing: TreeTest
2/2 Test: TreeTest
Command: "/home/mainak/Documents/Course_CzechRepublic/SecureCodingAndPractises_PA193/project/Project-Part2/MimeParser-master/build/parserCore/test/TreeTest"
Directory: /home/mainak/Documents/Course_CzechRepublic/SecureCodingAndPractises_PA193/project/Project-Part2/MimeParser-master/build/parserCore/test
"TreeTest" start time: Dec 06 16:45 CET
Output:
----------------------------------------------------------
Running main() from gmock_main.cc
[==========] Running 4 tests from 1 test case.
[----------] Global test environment set-up.
[----------] 4 tests from TreeTest
[ RUN      ] TreeTest.EmptyTreeCreate
[       OK ] TreeTest.EmptyTreeCreate (0 ms)
[ RUN      ] TreeTest.OneNodeTree
[       OK ] TreeTest.OneNodeTree (0 ms)
[ RUN      ] TreeTest.MultipleNodes
[       OK ] TreeTest.MultipleNodes (0 ms)
[ RUN      ] TreeTest.GetChildOutOfBounds
[       OK ] TreeTest.GetChildOutOfBounds (17 ms)
[----------] 4 tests from TreeTest (17 ms total)

[----------] Global test environment tear-down
[==========] 4 tests from 1 test case ran. (17 ms total)
[  PASSED  ] 4 tests.
<end of output>
Test time =   0.02 sec
----------------------------------------------------------
Test Passed.
"TreeTest" end time: Dec 06 16:45 CET
"TreeTest" time elapsed: 00:00:00
----------------------------------------------------------

End testing: Dec 06 16:45 CET
